[Resume] No checkpoint at /scratch/bgxp/ezhou1/factor_diffusion_proj/Experiments_Output/Burgers_2D/k8_H200_fixlr/checkpoints/latest.pt, starting fresh.
Shard dir      : /scratch/bgxp/ezhou1/factor_diffusion_proj/data/burgers_2d
Num shards     : 50
Fields         : ['ux', 'uy']
Pool factor k  : 8  ->  spatial 16x16
Compression    : 64x
Preload mode   : FULL (all shards into RAM)
Preloading 50 shards into RAM (one-time cost, ~5 min)...
  [ 10/50] shards loaded...
  [ 20/50] shards loaded...
  [ 30/50] shards loaded...
  [ 40/50] shards loaded...
  [ 50/50] shards loaded...
Preload complete! 50 shards in RAM.
Total samples  : 10,000  (50 shards x 100 x 2 fields)
  Saved: /scratch/bgxp/ezhou1/factor_diffusion_proj/Experiments_Output/Burgers_2D/k8_H200_fixlr/checkpoints/latest.pt
  Saved: /scratch/bgxp/ezhou1/factor_diffusion_proj/Experiments_Output/Burgers_2D/k8_H200_fixlr/checkpoints/latest.pt
  Saved: /scratch/bgxp/ezhou1/factor_diffusion_proj/Experiments_Output/Burgers_2D/k8_H200_fixlr/checkpoints/latest.pt
  Saved: /scratch/bgxp/ezhou1/factor_diffusion_proj/Experiments_Output/Burgers_2D/k8_H200_fixlr/checkpoints/latest.pt
  Saved: /scratch/bgxp/ezhou1/factor_diffusion_proj/Experiments_Output/Burgers_2D/k8_H200_fixlr/checkpoints/latest.pt
  Saved: /scratch/bgxp/ezhou1/factor_diffusion_proj/Experiments_Output/Burgers_2D/k8_H200_fixlr/checkpoints/latest.pt
  Saved: /scratch/bgxp/ezhou1/factor_diffusion_proj/Experiments_Output/Burgers_2D/k8_H200_fixlr/checkpoints/latest.pt
  Saved: /scratch/bgxp/ezhou1/factor_diffusion_proj/Experiments_Output/Burgers_2D/k8_H200_fixlr/checkpoints/latest.pt
  Saved: /scratch/bgxp/ezhou1/factor_diffusion_proj/Experiments_Output/Burgers_2D/k8_H200_fixlr/checkpoints/latest.pt
  Saved: /scratch/bgxp/ezhou1/factor_diffusion_proj/Experiments_Output/Burgers_2D/k8_H200_fixlr/checkpoints/latest.pt
  Saved: /scratch/bgxp/ezhou1/factor_diffusion_proj/Experiments_Output/Burgers_2D/k8_H200_fixlr/checkpoints/latest.pt
  Saved: /scratch/bgxp/ezhou1/factor_diffusion_proj/Experiments_Output/Burgers_2D/k8_H200_fixlr/checkpoints/latest.pt
  Saved: /scratch/bgxp/ezhou1/factor_diffusion_proj/Experiments_Output/Burgers_2D/k8_H200_fixlr/checkpoints/latest.pt
  Saved: /scratch/bgxp/ezhou1/factor_diffusion_proj/Experiments_Output/Burgers_2D/k8_H200_fixlr/checkpoints/latest.pt
  Saved: /scratch/bgxp/ezhou1/factor_diffusion_proj/Experiments_Output/Burgers_2D/k8_H200_fixlr/checkpoints/latest.pt
  Saved: /scratch/bgxp/ezhou1/factor_diffusion_proj/Experiments_Output/Burgers_2D/k8_H200_fixlr/checkpoints/latest.pt
  Saved: /scratch/bgxp/ezhou1/factor_diffusion_proj/Experiments_Output/Burgers_2D/k8_H200_fixlr/checkpoints/latest.pt
  Saved: /scratch/bgxp/ezhou1/factor_diffusion_proj/Experiments_Output/Burgers_2D/k8_H200_fixlr/checkpoints/latest.pt
  Saved: /scratch/bgxp/ezhou1/factor_diffusion_proj/Experiments_Output/Burgers_2D/k8_H200_fixlr/checkpoints/latest.pt
  Saved: /scratch/bgxp/ezhou1/factor_diffusion_proj/Experiments_Output/Burgers_2D/k8_H200_fixlr/checkpoints/latest.pt
  Saved: /scratch/bgxp/ezhou1/factor_diffusion_proj/Experiments_Output/Burgers_2D/k8_H200_fixlr/checkpoints/latest.pt
  Saved: /scratch/bgxp/ezhou1/factor_diffusion_proj/Experiments_Output/Burgers_2D/k8_H200_fixlr/checkpoints/latest.pt
  Saved: /scratch/bgxp/ezhou1/factor_diffusion_proj/Experiments_Output/Burgers_2D/k8_H200_fixlr/checkpoints/latest.pt
  Saved: /scratch/bgxp/ezhou1/factor_diffusion_proj/Experiments_Output/Burgers_2D/k8_H200_fixlr/checkpoints/latest.pt
  Saved: /scratch/bgxp/ezhou1/factor_diffusion_proj/Experiments_Output/Burgers_2D/k8_H200_fixlr/checkpoints/latest.pt
  Saved: /scratch/bgxp/ezhou1/factor_diffusion_proj/Experiments_Output/Burgers_2D/k8_H200_fixlr/checkpoints/latest.pt
  Saved: /scratch/bgxp/ezhou1/factor_diffusion_proj/Experiments_Output/Burgers_2D/k8_H200_fixlr/checkpoints/latest.pt
  Saved: /scratch/bgxp/ezhou1/factor_diffusion_proj/Experiments_Output/Burgers_2D/k8_H200_fixlr/checkpoints/latest.pt
  Saved: /scratch/bgxp/ezhou1/factor_diffusion_proj/Experiments_Output/Burgers_2D/k8_H200_fixlr/checkpoints/latest.pt
  Saved: /scratch/bgxp/ezhou1/factor_diffusion_proj/Experiments_Output/Burgers_2D/k8_H200_fixlr/checkpoints/latest.pt
  Saved: /scratch/bgxp/ezhou1/factor_diffusion_proj/Experiments_Output/Burgers_2D/k8_H200_fixlr/checkpoints/latest.pt
  Saved: /scratch/bgxp/ezhou1/factor_diffusion_proj/Experiments_Output/Burgers_2D/k8_H200_fixlr/checkpoints/latest.pt
  Saved: /scratch/bgxp/ezhou1/factor_diffusion_proj/Experiments_Output/Burgers_2D/k8_H200_fixlr/checkpoints/latest.pt
  Saved: /scratch/bgxp/ezhou1/factor_diffusion_proj/Experiments_Output/Burgers_2D/k8_H200_fixlr/checkpoints/latest.pt
  Saved: /scratch/bgxp/ezhou1/factor_diffusion_proj/Experiments_Output/Burgers_2D/k8_H200_fixlr/checkpoints/latest.pt
  Saved: /scratch/bgxp/ezhou1/factor_diffusion_proj/Experiments_Output/Burgers_2D/k8_H200_fixlr/checkpoints/latest.pt
  Saved: /scratch/bgxp/ezhou1/factor_diffusion_proj/Experiments_Output/Burgers_2D/k8_H200_fixlr/checkpoints/latest.pt
  Saved: /scratch/bgxp/ezhou1/factor_diffusion_proj/Experiments_Output/Burgers_2D/k8_H200_fixlr/checkpoints/latest.pt
  Saved: /scratch/bgxp/ezhou1/factor_diffusion_proj/Experiments_Output/Burgers_2D/k8_H200_fixlr/checkpoints/latest.pt
  Saved: /scratch/bgxp/ezhou1/factor_diffusion_proj/Experiments_Output/Burgers_2D/k8_H200_fixlr/checkpoints/latest.pt
  Saved: /scratch/bgxp/ezhou1/factor_diffusion_proj/Experiments_Output/Burgers_2D/k8_H200_fixlr/checkpoints/latest.pt
  Saved: /scratch/bgxp/ezhou1/factor_diffusion_proj/Experiments_Output/Burgers_2D/k8_H200_fixlr/checkpoints/latest.pt
  Saved: /scratch/bgxp/ezhou1/factor_diffusion_proj/Experiments_Output/Burgers_2D/k8_H200_fixlr/checkpoints/latest.pt
  Saved: /scratch/bgxp/ezhou1/factor_diffusion_proj/Experiments_Output/Burgers_2D/k8_H200_fixlr/checkpoints/latest.pt
  Saved: /scratch/bgxp/ezhou1/factor_diffusion_proj/Experiments_Output/Burgers_2D/k8_H200_fixlr/checkpoints/latest.pt
  Saved: /scratch/bgxp/ezhou1/factor_diffusion_proj/Experiments_Output/Burgers_2D/k8_H200_fixlr/checkpoints/latest.pt
  Saved: /scratch/bgxp/ezhou1/factor_diffusion_proj/Experiments_Output/Burgers_2D/k8_H200_fixlr/checkpoints/latest.pt
  Saved: /scratch/bgxp/ezhou1/factor_diffusion_proj/Experiments_Output/Burgers_2D/k8_H200_fixlr/checkpoints/latest.pt
  Saved: /scratch/bgxp/ezhou1/factor_diffusion_proj/Experiments_Output/Burgers_2D/k8_H200_fixlr/checkpoints/latest.pt
  Saved: /scratch/bgxp/ezhou1/factor_diffusion_proj/Experiments_Output/Burgers_2D/k8_H200_fixlr/checkpoints/epoch_0050.pt
  Saved: /scratch/bgxp/ezhou1/factor_diffusion_proj/Experiments_Output/Burgers_2D/k8_H200_fixlr/checkpoints/latest.pt
  Saved: /scratch/bgxp/ezhou1/factor_diffusion_proj/Experiments_Output/Burgers_2D/k8_H200_fixlr/checkpoints/latest.pt
  Saved: /scratch/bgxp/ezhou1/factor_diffusion_proj/Experiments_Output/Burgers_2D/k8_H200_fixlr/checkpoints/latest.pt
  Saved: /scratch/bgxp/ezhou1/factor_diffusion_proj/Experiments_Output/Burgers_2D/k8_H200_fixlr/checkpoints/latest.pt
  Saved: /scratch/bgxp/ezhou1/factor_diffusion_proj/Experiments_Output/Burgers_2D/k8_H200_fixlr/checkpoints/latest.pt
  Saved: /scratch/bgxp/ezhou1/factor_diffusion_proj/Experiments_Output/Burgers_2D/k8_H200_fixlr/checkpoints/latest.pt
  Saved: /scratch/bgxp/ezhou1/factor_diffusion_proj/Experiments_Output/Burgers_2D/k8_H200_fixlr/checkpoints/latest.pt
  Saved: /scratch/bgxp/ezhou1/factor_diffusion_proj/Experiments_Output/Burgers_2D/k8_H200_fixlr/checkpoints/latest.pt
  Saved: /scratch/bgxp/ezhou1/factor_diffusion_proj/Experiments_Output/Burgers_2D/k8_H200_fixlr/checkpoints/latest.pt
  Saved: /scratch/bgxp/ezhou1/factor_diffusion_proj/Experiments_Output/Burgers_2D/k8_H200_fixlr/checkpoints/latest.pt
  Saved: /scratch/bgxp/ezhou1/factor_diffusion_proj/Experiments_Output/Burgers_2D/k8_H200_fixlr/checkpoints/latest.pt
  Saved: /scratch/bgxp/ezhou1/factor_diffusion_proj/Experiments_Output/Burgers_2D/k8_H200_fixlr/checkpoints/latest.pt
  Saved: /scratch/bgxp/ezhou1/factor_diffusion_proj/Experiments_Output/Burgers_2D/k8_H200_fixlr/checkpoints/latest.pt
  Saved: /scratch/bgxp/ezhou1/factor_diffusion_proj/Experiments_Output/Burgers_2D/k8_H200_fixlr/checkpoints/latest.pt
  Saved: /scratch/bgxp/ezhou1/factor_diffusion_proj/Experiments_Output/Burgers_2D/k8_H200_fixlr/checkpoints/latest.pt
  Saved: /scratch/bgxp/ezhou1/factor_diffusion_proj/Experiments_Output/Burgers_2D/k8_H200_fixlr/checkpoints/latest.pt
  Saved: /scratch/bgxp/ezhou1/factor_diffusion_proj/Experiments_Output/Burgers_2D/k8_H200_fixlr/checkpoints/latest.pt
  Saved: /scratch/bgxp/ezhou1/factor_diffusion_proj/Experiments_Output/Burgers_2D/k8_H200_fixlr/checkpoints/latest.pt
  Saved: /scratch/bgxp/ezhou1/factor_diffusion_proj/Experiments_Output/Burgers_2D/k8_H200_fixlr/checkpoints/latest.pt
  Saved: /scratch/bgxp/ezhou1/factor_diffusion_proj/Experiments_Output/Burgers_2D/k8_H200_fixlr/checkpoints/latest.pt
  Saved: /scratch/bgxp/ezhou1/factor_diffusion_proj/Experiments_Output/Burgers_2D/k8_H200_fixlr/checkpoints/latest.pt
  Saved: /scratch/bgxp/ezhou1/factor_diffusion_proj/Experiments_Output/Burgers_2D/k8_H200_fixlr/checkpoints/latest.pt
  Saved: /scratch/bgxp/ezhou1/factor_diffusion_proj/Experiments_Output/Burgers_2D/k8_H200_fixlr/checkpoints/latest.pt
  Saved: /scratch/bgxp/ezhou1/factor_diffusion_proj/Experiments_Output/Burgers_2D/k8_H200_fixlr/checkpoints/latest.pt
  Saved: /scratch/bgxp/ezhou1/factor_diffusion_proj/Experiments_Output/Burgers_2D/k8_H200_fixlr/checkpoints/latest.pt
  Saved: /scratch/bgxp/ezhou1/factor_diffusion_proj/Experiments_Output/Burgers_2D/k8_H200_fixlr/checkpoints/latest.pt
  Saved: /scratch/bgxp/ezhou1/factor_diffusion_proj/Experiments_Output/Burgers_2D/k8_H200_fixlr/checkpoints/latest.pt
  Saved: /scratch/bgxp/ezhou1/factor_diffusion_proj/Experiments_Output/Burgers_2D/k8_H200_fixlr/checkpoints/latest.pt
  Saved: /scratch/bgxp/ezhou1/factor_diffusion_proj/Experiments_Output/Burgers_2D/k8_H200_fixlr/checkpoints/latest.pt
  Saved: /scratch/bgxp/ezhou1/factor_diffusion_proj/Experiments_Output/Burgers_2D/k8_H200_fixlr/checkpoints/latest.pt
  Saved: /scratch/bgxp/ezhou1/factor_diffusion_proj/Experiments_Output/Burgers_2D/k8_H200_fixlr/checkpoints/latest.pt
  Saved: /scratch/bgxp/ezhou1/factor_diffusion_proj/Experiments_Output/Burgers_2D/k8_H200_fixlr/checkpoints/latest.pt
  Saved: /scratch/bgxp/ezhou1/factor_diffusion_proj/Experiments_Output/Burgers_2D/k8_H200_fixlr/checkpoints/latest.pt
  Saved: /scratch/bgxp/ezhou1/factor_diffusion_proj/Experiments_Output/Burgers_2D/k8_H200_fixlr/checkpoints/latest.pt
  Saved: /scratch/bgxp/ezhou1/factor_diffusion_proj/Experiments_Output/Burgers_2D/k8_H200_fixlr/checkpoints/latest.pt
  Saved: /scratch/bgxp/ezhou1/factor_diffusion_proj/Experiments_Output/Burgers_2D/k8_H200_fixlr/checkpoints/latest.pt
  Saved: /scratch/bgxp/ezhou1/factor_diffusion_proj/Experiments_Output/Burgers_2D/k8_H200_fixlr/checkpoints/latest.pt
  Saved: /scratch/bgxp/ezhou1/factor_diffusion_proj/Experiments_Output/Burgers_2D/k8_H200_fixlr/checkpoints/latest.pt
  Saved: /scratch/bgxp/ezhou1/factor_diffusion_proj/Experiments_Output/Burgers_2D/k8_H200_fixlr/checkpoints/latest.pt
  Saved: /scratch/bgxp/ezhou1/factor_diffusion_proj/Experiments_Output/Burgers_2D/k8_H200_fixlr/checkpoints/latest.pt
  Saved: /scratch/bgxp/ezhou1/factor_diffusion_proj/Experiments_Output/Burgers_2D/k8_H200_fixlr/checkpoints/latest.pt
  Saved: /scratch/bgxp/ezhou1/factor_diffusion_proj/Experiments_Output/Burgers_2D/k8_H200_fixlr/checkpoints/latest.pt
  Saved: /scratch/bgxp/ezhou1/factor_diffusion_proj/Experiments_Output/Burgers_2D/k8_H200_fixlr/checkpoints/latest.pt
  Saved: /scratch/bgxp/ezhou1/factor_diffusion_proj/Experiments_Output/Burgers_2D/k8_H200_fixlr/checkpoints/latest.pt
  Saved: /scratch/bgxp/ezhou1/factor_diffusion_proj/Experiments_Output/Burgers_2D/k8_H200_fixlr/checkpoints/latest.pt
  Saved: /scratch/bgxp/ezhou1/factor_diffusion_proj/Experiments_Output/Burgers_2D/k8_H200_fixlr/checkpoints/latest.pt
  Saved: /scratch/bgxp/ezhou1/factor_diffusion_proj/Experiments_Output/Burgers_2D/k8_H200_fixlr/checkpoints/latest.pt
  Saved: /scratch/bgxp/ezhou1/factor_diffusion_proj/Experiments_Output/Burgers_2D/k8_H200_fixlr/checkpoints/latest.pt
  Saved: /scratch/bgxp/ezhou1/factor_diffusion_proj/Experiments_Output/Burgers_2D/k8_H200_fixlr/checkpoints/latest.pt
  Saved: /scratch/bgxp/ezhou1/factor_diffusion_proj/Experiments_Output/Burgers_2D/k8_H200_fixlr/checkpoints/latest.pt
  Saved: /scratch/bgxp/ezhou1/factor_diffusion_proj/Experiments_Output/Burgers_2D/k8_H200_fixlr/checkpoints/epoch_0100.pt
  Saved: /scratch/bgxp/ezhou1/factor_diffusion_proj/Experiments_Output/Burgers_2D/k8_H200_fixlr/checkpoints/latest.pt
  Saved: /scratch/bgxp/ezhou1/factor_diffusion_proj/Experiments_Output/Burgers_2D/k8_H200_fixlr/checkpoints/latest.pt
  Saved: /scratch/bgxp/ezhou1/factor_diffusion_proj/Experiments_Output/Burgers_2D/k8_H200_fixlr/checkpoints/latest.pt
  Saved: /scratch/bgxp/ezhou1/factor_diffusion_proj/Experiments_Output/Burgers_2D/k8_H200_fixlr/checkpoints/latest.pt
  Saved: /scratch/bgxp/ezhou1/factor_diffusion_proj/Experiments_Output/Burgers_2D/k8_H200_fixlr/checkpoints/latest.pt
  Saved: /scratch/bgxp/ezhou1/factor_diffusion_proj/Experiments_Output/Burgers_2D/k8_H200_fixlr/checkpoints/latest.pt
  Saved: /scratch/bgxp/ezhou1/factor_diffusion_proj/Experiments_Output/Burgers_2D/k8_H200_fixlr/checkpoints/latest.pt
  Saved: /scratch/bgxp/ezhou1/factor_diffusion_proj/Experiments_Output/Burgers_2D/k8_H200_fixlr/checkpoints/latest.pt
  Saved: /scratch/bgxp/ezhou1/factor_diffusion_proj/Experiments_Output/Burgers_2D/k8_H200_fixlr/checkpoints/latest.pt
  Saved: /scratch/bgxp/ezhou1/factor_diffusion_proj/Experiments_Output/Burgers_2D/k8_H200_fixlr/checkpoints/latest.pt
  Saved: /scratch/bgxp/ezhou1/factor_diffusion_proj/Experiments_Output/Burgers_2D/k8_H200_fixlr/checkpoints/latest.pt
  Saved: /scratch/bgxp/ezhou1/factor_diffusion_proj/Experiments_Output/Burgers_2D/k8_H200_fixlr/checkpoints/latest.pt
  Saved: /scratch/bgxp/ezhou1/factor_diffusion_proj/Experiments_Output/Burgers_2D/k8_H200_fixlr/checkpoints/latest.pt
  Saved: /scratch/bgxp/ezhou1/factor_diffusion_proj/Experiments_Output/Burgers_2D/k8_H200_fixlr/checkpoints/latest.pt
  Saved: /scratch/bgxp/ezhou1/factor_diffusion_proj/Experiments_Output/Burgers_2D/k8_H200_fixlr/checkpoints/latest.pt
  Saved: /scratch/bgxp/ezhou1/factor_diffusion_proj/Experiments_Output/Burgers_2D/k8_H200_fixlr/checkpoints/latest.pt
  Saved: /scratch/bgxp/ezhou1/factor_diffusion_proj/Experiments_Output/Burgers_2D/k8_H200_fixlr/checkpoints/latest.pt
  Saved: /scratch/bgxp/ezhou1/factor_diffusion_proj/Experiments_Output/Burgers_2D/k8_H200_fixlr/checkpoints/latest.pt
  Saved: /scratch/bgxp/ezhou1/factor_diffusion_proj/Experiments_Output/Burgers_2D/k8_H200_fixlr/checkpoints/latest.pt
  Saved: /scratch/bgxp/ezhou1/factor_diffusion_proj/Experiments_Output/Burgers_2D/k8_H200_fixlr/checkpoints/latest.pt
  Saved: /scratch/bgxp/ezhou1/factor_diffusion_proj/Experiments_Output/Burgers_2D/k8_H200_fixlr/checkpoints/latest.pt
  Saved: /scratch/bgxp/ezhou1/factor_diffusion_proj/Experiments_Output/Burgers_2D/k8_H200_fixlr/checkpoints/latest.pt
  Saved: /scratch/bgxp/ezhou1/factor_diffusion_proj/Experiments_Output/Burgers_2D/k8_H200_fixlr/checkpoints/latest.pt
  Saved: /scratch/bgxp/ezhou1/factor_diffusion_proj/Experiments_Output/Burgers_2D/k8_H200_fixlr/checkpoints/latest.pt
  Saved: /scratch/bgxp/ezhou1/factor_diffusion_proj/Experiments_Output/Burgers_2D/k8_H200_fixlr/checkpoints/latest.pt
  Saved: /scratch/bgxp/ezhou1/factor_diffusion_proj/Experiments_Output/Burgers_2D/k8_H200_fixlr/checkpoints/latest.pt
  Saved: /scratch/bgxp/ezhou1/factor_diffusion_proj/Experiments_Output/Burgers_2D/k8_H200_fixlr/checkpoints/latest.pt
  Saved: /scratch/bgxp/ezhou1/factor_diffusion_proj/Experiments_Output/Burgers_2D/k8_H200_fixlr/checkpoints/latest.pt
  Saved: /scratch/bgxp/ezhou1/factor_diffusion_proj/Experiments_Output/Burgers_2D/k8_H200_fixlr/checkpoints/latest.pt
  Saved: /scratch/bgxp/ezhou1/factor_diffusion_proj/Experiments_Output/Burgers_2D/k8_H200_fixlr/checkpoints/latest.pt
  Saved: /scratch/bgxp/ezhou1/factor_diffusion_proj/Experiments_Output/Burgers_2D/k8_H200_fixlr/checkpoints/latest.pt
  Saved: /scratch/bgxp/ezhou1/factor_diffusion_proj/Experiments_Output/Burgers_2D/k8_H200_fixlr/checkpoints/latest.pt
  Saved: /scratch/bgxp/ezhou1/factor_diffusion_proj/Experiments_Output/Burgers_2D/k8_H200_fixlr/checkpoints/latest.pt
  Saved: /scratch/bgxp/ezhou1/factor_diffusion_proj/Experiments_Output/Burgers_2D/k8_H200_fixlr/checkpoints/latest.pt
  Saved: /scratch/bgxp/ezhou1/factor_diffusion_proj/Experiments_Output/Burgers_2D/k8_H200_fixlr/checkpoints/latest.pt
  Saved: /scratch/bgxp/ezhou1/factor_diffusion_proj/Experiments_Output/Burgers_2D/k8_H200_fixlr/checkpoints/latest.pt
  Saved: /scratch/bgxp/ezhou1/factor_diffusion_proj/Experiments_Output/Burgers_2D/k8_H200_fixlr/checkpoints/latest.pt
  Saved: /scratch/bgxp/ezhou1/factor_diffusion_proj/Experiments_Output/Burgers_2D/k8_H200_fixlr/checkpoints/latest.pt
  Saved: /scratch/bgxp/ezhou1/factor_diffusion_proj/Experiments_Output/Burgers_2D/k8_H200_fixlr/checkpoints/latest.pt
  Saved: /scratch/bgxp/ezhou1/factor_diffusion_proj/Experiments_Output/Burgers_2D/k8_H200_fixlr/checkpoints/latest.pt
  Saved: /scratch/bgxp/ezhou1/factor_diffusion_proj/Experiments_Output/Burgers_2D/k8_H200_fixlr/checkpoints/latest.pt
  Saved: /scratch/bgxp/ezhou1/factor_diffusion_proj/Experiments_Output/Burgers_2D/k8_H200_fixlr/checkpoints/latest.pt
  Saved: /scratch/bgxp/ezhou1/factor_diffusion_proj/Experiments_Output/Burgers_2D/k8_H200_fixlr/checkpoints/latest.pt
  Saved: /scratch/bgxp/ezhou1/factor_diffusion_proj/Experiments_Output/Burgers_2D/k8_H200_fixlr/checkpoints/latest.pt
  Saved: /scratch/bgxp/ezhou1/factor_diffusion_proj/Experiments_Output/Burgers_2D/k8_H200_fixlr/checkpoints/latest.pt
  Saved: /scratch/bgxp/ezhou1/factor_diffusion_proj/Experiments_Output/Burgers_2D/k8_H200_fixlr/checkpoints/latest.pt
  Saved: /scratch/bgxp/ezhou1/factor_diffusion_proj/Experiments_Output/Burgers_2D/k8_H200_fixlr/checkpoints/latest.pt
  Saved: /scratch/bgxp/ezhou1/factor_diffusion_proj/Experiments_Output/Burgers_2D/k8_H200_fixlr/checkpoints/latest.pt
  Saved: /scratch/bgxp/ezhou1/factor_diffusion_proj/Experiments_Output/Burgers_2D/k8_H200_fixlr/checkpoints/latest.pt
  Saved: /scratch/bgxp/ezhou1/factor_diffusion_proj/Experiments_Output/Burgers_2D/k8_H200_fixlr/checkpoints/latest.pt
  Saved: /scratch/bgxp/ezhou1/factor_diffusion_proj/Experiments_Output/Burgers_2D/k8_H200_fixlr/checkpoints/epoch_0150.pt
  Saved: /scratch/bgxp/ezhou1/factor_diffusion_proj/Experiments_Output/Burgers_2D/k8_H200_fixlr/checkpoints/latest.pt
  Saved: /scratch/bgxp/ezhou1/factor_diffusion_proj/Experiments_Output/Burgers_2D/k8_H200_fixlr/checkpoints/latest.pt
  Saved: /scratch/bgxp/ezhou1/factor_diffusion_proj/Experiments_Output/Burgers_2D/k8_H200_fixlr/checkpoints/latest.pt
  Saved: /scratch/bgxp/ezhou1/factor_diffusion_proj/Experiments_Output/Burgers_2D/k8_H200_fixlr/checkpoints/latest.pt
  Saved: /scratch/bgxp/ezhou1/factor_diffusion_proj/Experiments_Output/Burgers_2D/k8_H200_fixlr/checkpoints/latest.pt
  Saved: /scratch/bgxp/ezhou1/factor_diffusion_proj/Experiments_Output/Burgers_2D/k8_H200_fixlr/checkpoints/latest.pt
  Saved: /scratch/bgxp/ezhou1/factor_diffusion_proj/Experiments_Output/Burgers_2D/k8_H200_fixlr/checkpoints/latest.pt
  Saved: /scratch/bgxp/ezhou1/factor_diffusion_proj/Experiments_Output/Burgers_2D/k8_H200_fixlr/checkpoints/latest.pt
  Saved: /scratch/bgxp/ezhou1/factor_diffusion_proj/Experiments_Output/Burgers_2D/k8_H200_fixlr/checkpoints/latest.pt
  Saved: /scratch/bgxp/ezhou1/factor_diffusion_proj/Experiments_Output/Burgers_2D/k8_H200_fixlr/checkpoints/latest.pt
  Saved: /scratch/bgxp/ezhou1/factor_diffusion_proj/Experiments_Output/Burgers_2D/k8_H200_fixlr/checkpoints/latest.pt
  Saved: /scratch/bgxp/ezhou1/factor_diffusion_proj/Experiments_Output/Burgers_2D/k8_H200_fixlr/checkpoints/latest.pt
  Saved: /scratch/bgxp/ezhou1/factor_diffusion_proj/Experiments_Output/Burgers_2D/k8_H200_fixlr/checkpoints/latest.pt
  Saved: /scratch/bgxp/ezhou1/factor_diffusion_proj/Experiments_Output/Burgers_2D/k8_H200_fixlr/checkpoints/latest.pt
  Saved: /scratch/bgxp/ezhou1/factor_diffusion_proj/Experiments_Output/Burgers_2D/k8_H200_fixlr/checkpoints/latest.pt
  Saved: /scratch/bgxp/ezhou1/factor_diffusion_proj/Experiments_Output/Burgers_2D/k8_H200_fixlr/checkpoints/latest.pt
  Saved: /scratch/bgxp/ezhou1/factor_diffusion_proj/Experiments_Output/Burgers_2D/k8_H200_fixlr/checkpoints/latest.pt
  Saved: /scratch/bgxp/ezhou1/factor_diffusion_proj/Experiments_Output/Burgers_2D/k8_H200_fixlr/checkpoints/latest.pt
  Saved: /scratch/bgxp/ezhou1/factor_diffusion_proj/Experiments_Output/Burgers_2D/k8_H200_fixlr/checkpoints/latest.pt
  Saved: /scratch/bgxp/ezhou1/factor_diffusion_proj/Experiments_Output/Burgers_2D/k8_H200_fixlr/checkpoints/latest.pt
  Saved: /scratch/bgxp/ezhou1/factor_diffusion_proj/Experiments_Output/Burgers_2D/k8_H200_fixlr/checkpoints/latest.pt
  Saved: /scratch/bgxp/ezhou1/factor_diffusion_proj/Experiments_Output/Burgers_2D/k8_H200_fixlr/checkpoints/latest.pt
  Saved: /scratch/bgxp/ezhou1/factor_diffusion_proj/Experiments_Output/Burgers_2D/k8_H200_fixlr/checkpoints/latest.pt
  Saved: /scratch/bgxp/ezhou1/factor_diffusion_proj/Experiments_Output/Burgers_2D/k8_H200_fixlr/checkpoints/latest.pt
  Saved: /scratch/bgxp/ezhou1/factor_diffusion_proj/Experiments_Output/Burgers_2D/k8_H200_fixlr/checkpoints/latest.pt
  Saved: /scratch/bgxp/ezhou1/factor_diffusion_proj/Experiments_Output/Burgers_2D/k8_H200_fixlr/checkpoints/latest.pt
  Saved: /scratch/bgxp/ezhou1/factor_diffusion_proj/Experiments_Output/Burgers_2D/k8_H200_fixlr/checkpoints/latest.pt
  Saved: /scratch/bgxp/ezhou1/factor_diffusion_proj/Experiments_Output/Burgers_2D/k8_H200_fixlr/checkpoints/latest.pt
  Saved: /scratch/bgxp/ezhou1/factor_diffusion_proj/Experiments_Output/Burgers_2D/k8_H200_fixlr/checkpoints/latest.pt
  Saved: /scratch/bgxp/ezhou1/factor_diffusion_proj/Experiments_Output/Burgers_2D/k8_H200_fixlr/checkpoints/latest.pt
  Saved: /scratch/bgxp/ezhou1/factor_diffusion_proj/Experiments_Output/Burgers_2D/k8_H200_fixlr/checkpoints/latest.pt
  Saved: /scratch/bgxp/ezhou1/factor_diffusion_proj/Experiments_Output/Burgers_2D/k8_H200_fixlr/checkpoints/latest.pt
  Saved: /scratch/bgxp/ezhou1/factor_diffusion_proj/Experiments_Output/Burgers_2D/k8_H200_fixlr/checkpoints/latest.pt
  Saved: /scratch/bgxp/ezhou1/factor_diffusion_proj/Experiments_Output/Burgers_2D/k8_H200_fixlr/checkpoints/latest.pt
  Saved: /scratch/bgxp/ezhou1/factor_diffusion_proj/Experiments_Output/Burgers_2D/k8_H200_fixlr/checkpoints/latest.pt
  Saved: /scratch/bgxp/ezhou1/factor_diffusion_proj/Experiments_Output/Burgers_2D/k8_H200_fixlr/checkpoints/latest.pt
  Saved: /scratch/bgxp/ezhou1/factor_diffusion_proj/Experiments_Output/Burgers_2D/k8_H200_fixlr/checkpoints/latest.pt
  Saved: /scratch/bgxp/ezhou1/factor_diffusion_proj/Experiments_Output/Burgers_2D/k8_H200_fixlr/checkpoints/latest.pt
  Saved: /scratch/bgxp/ezhou1/factor_diffusion_proj/Experiments_Output/Burgers_2D/k8_H200_fixlr/checkpoints/latest.pt
  Saved: /scratch/bgxp/ezhou1/factor_diffusion_proj/Experiments_Output/Burgers_2D/k8_H200_fixlr/checkpoints/latest.pt
  Saved: /scratch/bgxp/ezhou1/factor_diffusion_proj/Experiments_Output/Burgers_2D/k8_H200_fixlr/checkpoints/latest.pt
  Saved: /scratch/bgxp/ezhou1/factor_diffusion_proj/Experiments_Output/Burgers_2D/k8_H200_fixlr/checkpoints/latest.pt
  Saved: /scratch/bgxp/ezhou1/factor_diffusion_proj/Experiments_Output/Burgers_2D/k8_H200_fixlr/checkpoints/latest.pt
  Saved: /scratch/bgxp/ezhou1/factor_diffusion_proj/Experiments_Output/Burgers_2D/k8_H200_fixlr/checkpoints/latest.pt
  Saved: /scratch/bgxp/ezhou1/factor_diffusion_proj/Experiments_Output/Burgers_2D/k8_H200_fixlr/checkpoints/latest.pt
  Saved: /scratch/bgxp/ezhou1/factor_diffusion_proj/Experiments_Output/Burgers_2D/k8_H200_fixlr/checkpoints/latest.pt
  Saved: /scratch/bgxp/ezhou1/factor_diffusion_proj/Experiments_Output/Burgers_2D/k8_H200_fixlr/checkpoints/latest.pt
  Saved: /scratch/bgxp/ezhou1/factor_diffusion_proj/Experiments_Output/Burgers_2D/k8_H200_fixlr/checkpoints/latest.pt
  Saved: /scratch/bgxp/ezhou1/factor_diffusion_proj/Experiments_Output/Burgers_2D/k8_H200_fixlr/checkpoints/latest.pt
  Saved: /scratch/bgxp/ezhou1/factor_diffusion_proj/Experiments_Output/Burgers_2D/k8_H200_fixlr/checkpoints/latest.pt
  Saved: /scratch/bgxp/ezhou1/factor_diffusion_proj/Experiments_Output/Burgers_2D/k8_H200_fixlr/checkpoints/epoch_0200.pt
  Saved: /scratch/bgxp/ezhou1/factor_diffusion_proj/Experiments_Output/Burgers_2D/k8_H200_fixlr/checkpoints/latest.pt
  Saved: /scratch/bgxp/ezhou1/factor_diffusion_proj/Experiments_Output/Burgers_2D/k8_H200_fixlr/checkpoints/latest.pt
  Saved: /scratch/bgxp/ezhou1/factor_diffusion_proj/Experiments_Output/Burgers_2D/k8_H200_fixlr/checkpoints/latest.pt
  Saved: /scratch/bgxp/ezhou1/factor_diffusion_proj/Experiments_Output/Burgers_2D/k8_H200_fixlr/checkpoints/latest.pt
  Saved: /scratch/bgxp/ezhou1/factor_diffusion_proj/Experiments_Output/Burgers_2D/k8_H200_fixlr/checkpoints/latest.pt
  Saved: /scratch/bgxp/ezhou1/factor_diffusion_proj/Experiments_Output/Burgers_2D/k8_H200_fixlr/checkpoints/latest.pt
  Saved: /scratch/bgxp/ezhou1/factor_diffusion_proj/Experiments_Output/Burgers_2D/k8_H200_fixlr/checkpoints/latest.pt
  Saved: /scratch/bgxp/ezhou1/factor_diffusion_proj/Experiments_Output/Burgers_2D/k8_H200_fixlr/checkpoints/latest.pt
  Saved: /scratch/bgxp/ezhou1/factor_diffusion_proj/Experiments_Output/Burgers_2D/k8_H200_fixlr/checkpoints/latest.pt
  Saved: /scratch/bgxp/ezhou1/factor_diffusion_proj/Experiments_Output/Burgers_2D/k8_H200_fixlr/checkpoints/latest.pt
  Saved: /scratch/bgxp/ezhou1/factor_diffusion_proj/Experiments_Output/Burgers_2D/k8_H200_fixlr/checkpoints/latest.pt
  Saved: /scratch/bgxp/ezhou1/factor_diffusion_proj/Experiments_Output/Burgers_2D/k8_H200_fixlr/checkpoints/latest.pt
  Saved: /scratch/bgxp/ezhou1/factor_diffusion_proj/Experiments_Output/Burgers_2D/k8_H200_fixlr/checkpoints/latest.pt
  Saved: /scratch/bgxp/ezhou1/factor_diffusion_proj/Experiments_Output/Burgers_2D/k8_H200_fixlr/checkpoints/latest.pt
  Saved: /scratch/bgxp/ezhou1/factor_diffusion_proj/Experiments_Output/Burgers_2D/k8_H200_fixlr/checkpoints/latest.pt
  Saved: /scratch/bgxp/ezhou1/factor_diffusion_proj/Experiments_Output/Burgers_2D/k8_H200_fixlr/checkpoints/latest.pt
  Saved: /scratch/bgxp/ezhou1/factor_diffusion_proj/Experiments_Output/Burgers_2D/k8_H200_fixlr/checkpoints/latest.pt
  Saved: /scratch/bgxp/ezhou1/factor_diffusion_proj/Experiments_Output/Burgers_2D/k8_H200_fixlr/checkpoints/latest.pt
  Saved: /scratch/bgxp/ezhou1/factor_diffusion_proj/Experiments_Output/Burgers_2D/k8_H200_fixlr/checkpoints/latest.pt
  Saved: /scratch/bgxp/ezhou1/factor_diffusion_proj/Experiments_Output/Burgers_2D/k8_H200_fixlr/checkpoints/latest.pt
  Saved: /scratch/bgxp/ezhou1/factor_diffusion_proj/Experiments_Output/Burgers_2D/k8_H200_fixlr/checkpoints/latest.pt
  Saved: /scratch/bgxp/ezhou1/factor_diffusion_proj/Experiments_Output/Burgers_2D/k8_H200_fixlr/checkpoints/latest.pt
  Saved: /scratch/bgxp/ezhou1/factor_diffusion_proj/Experiments_Output/Burgers_2D/k8_H200_fixlr/checkpoints/latest.pt
  Saved: /scratch/bgxp/ezhou1/factor_diffusion_proj/Experiments_Output/Burgers_2D/k8_H200_fixlr/checkpoints/latest.pt
  Saved: /scratch/bgxp/ezhou1/factor_diffusion_proj/Experiments_Output/Burgers_2D/k8_H200_fixlr/checkpoints/latest.pt
  Saved: /scratch/bgxp/ezhou1/factor_diffusion_proj/Experiments_Output/Burgers_2D/k8_H200_fixlr/checkpoints/latest.pt
  Saved: /scratch/bgxp/ezhou1/factor_diffusion_proj/Experiments_Output/Burgers_2D/k8_H200_fixlr/checkpoints/latest.pt
  Saved: /scratch/bgxp/ezhou1/factor_diffusion_proj/Experiments_Output/Burgers_2D/k8_H200_fixlr/checkpoints/latest.pt
  Saved: /scratch/bgxp/ezhou1/factor_diffusion_proj/Experiments_Output/Burgers_2D/k8_H200_fixlr/checkpoints/latest.pt
  Saved: /scratch/bgxp/ezhou1/factor_diffusion_proj/Experiments_Output/Burgers_2D/k8_H200_fixlr/checkpoints/latest.pt
  Saved: /scratch/bgxp/ezhou1/factor_diffusion_proj/Experiments_Output/Burgers_2D/k8_H200_fixlr/checkpoints/latest.pt
  Saved: /scratch/bgxp/ezhou1/factor_diffusion_proj/Experiments_Output/Burgers_2D/k8_H200_fixlr/checkpoints/latest.pt
  Saved: /scratch/bgxp/ezhou1/factor_diffusion_proj/Experiments_Output/Burgers_2D/k8_H200_fixlr/checkpoints/latest.pt
  Saved: /scratch/bgxp/ezhou1/factor_diffusion_proj/Experiments_Output/Burgers_2D/k8_H200_fixlr/checkpoints/latest.pt
  Saved: /scratch/bgxp/ezhou1/factor_diffusion_proj/Experiments_Output/Burgers_2D/k8_H200_fixlr/checkpoints/latest.pt
  Saved: /scratch/bgxp/ezhou1/factor_diffusion_proj/Experiments_Output/Burgers_2D/k8_H200_fixlr/checkpoints/latest.pt
  Saved: /scratch/bgxp/ezhou1/factor_diffusion_proj/Experiments_Output/Burgers_2D/k8_H200_fixlr/checkpoints/latest.pt
  Saved: /scratch/bgxp/ezhou1/factor_diffusion_proj/Experiments_Output/Burgers_2D/k8_H200_fixlr/checkpoints/latest.pt
  Saved: /scratch/bgxp/ezhou1/factor_diffusion_proj/Experiments_Output/Burgers_2D/k8_H200_fixlr/checkpoints/latest.pt
  Saved: /scratch/bgxp/ezhou1/factor_diffusion_proj/Experiments_Output/Burgers_2D/k8_H200_fixlr/checkpoints/latest.pt
  Saved: /scratch/bgxp/ezhou1/factor_diffusion_proj/Experiments_Output/Burgers_2D/k8_H200_fixlr/checkpoints/latest.pt
  Saved: /scratch/bgxp/ezhou1/factor_diffusion_proj/Experiments_Output/Burgers_2D/k8_H200_fixlr/checkpoints/latest.pt
  Saved: /scratch/bgxp/ezhou1/factor_diffusion_proj/Experiments_Output/Burgers_2D/k8_H200_fixlr/checkpoints/latest.pt
  Saved: /scratch/bgxp/ezhou1/factor_diffusion_proj/Experiments_Output/Burgers_2D/k8_H200_fixlr/checkpoints/latest.pt
  Saved: /scratch/bgxp/ezhou1/factor_diffusion_proj/Experiments_Output/Burgers_2D/k8_H200_fixlr/checkpoints/latest.pt
  Saved: /scratch/bgxp/ezhou1/factor_diffusion_proj/Experiments_Output/Burgers_2D/k8_H200_fixlr/checkpoints/latest.pt
  Saved: /scratch/bgxp/ezhou1/factor_diffusion_proj/Experiments_Output/Burgers_2D/k8_H200_fixlr/checkpoints/latest.pt
  Saved: /scratch/bgxp/ezhou1/factor_diffusion_proj/Experiments_Output/Burgers_2D/k8_H200_fixlr/checkpoints/latest.pt
  Saved: /scratch/bgxp/ezhou1/factor_diffusion_proj/Experiments_Output/Burgers_2D/k8_H200_fixlr/checkpoints/latest.pt
  Saved: /scratch/bgxp/ezhou1/factor_diffusion_proj/Experiments_Output/Burgers_2D/k8_H200_fixlr/checkpoints/latest.pt
  Saved: /scratch/bgxp/ezhou1/factor_diffusion_proj/Experiments_Output/Burgers_2D/k8_H200_fixlr/checkpoints/epoch_0250.pt
  Saved: /scratch/bgxp/ezhou1/factor_diffusion_proj/Experiments_Output/Burgers_2D/k8_H200_fixlr/checkpoints/latest.pt
  Saved: /scratch/bgxp/ezhou1/factor_diffusion_proj/Experiments_Output/Burgers_2D/k8_H200_fixlr/checkpoints/latest.pt
  Saved: /scratch/bgxp/ezhou1/factor_diffusion_proj/Experiments_Output/Burgers_2D/k8_H200_fixlr/checkpoints/latest.pt
  Saved: /scratch/bgxp/ezhou1/factor_diffusion_proj/Experiments_Output/Burgers_2D/k8_H200_fixlr/checkpoints/latest.pt
  Saved: /scratch/bgxp/ezhou1/factor_diffusion_proj/Experiments_Output/Burgers_2D/k8_H200_fixlr/checkpoints/latest.pt
  Saved: /scratch/bgxp/ezhou1/factor_diffusion_proj/Experiments_Output/Burgers_2D/k8_H200_fixlr/checkpoints/latest.pt
  Saved: /scratch/bgxp/ezhou1/factor_diffusion_proj/Experiments_Output/Burgers_2D/k8_H200_fixlr/checkpoints/latest.pt
  Saved: /scratch/bgxp/ezhou1/factor_diffusion_proj/Experiments_Output/Burgers_2D/k8_H200_fixlr/checkpoints/latest.pt
  Saved: /scratch/bgxp/ezhou1/factor_diffusion_proj/Experiments_Output/Burgers_2D/k8_H200_fixlr/checkpoints/latest.pt
  Saved: /scratch/bgxp/ezhou1/factor_diffusion_proj/Experiments_Output/Burgers_2D/k8_H200_fixlr/checkpoints/latest.pt
  Saved: /scratch/bgxp/ezhou1/factor_diffusion_proj/Experiments_Output/Burgers_2D/k8_H200_fixlr/checkpoints/latest.pt
  Saved: /scratch/bgxp/ezhou1/factor_diffusion_proj/Experiments_Output/Burgers_2D/k8_H200_fixlr/checkpoints/latest.pt
  Saved: /scratch/bgxp/ezhou1/factor_diffusion_proj/Experiments_Output/Burgers_2D/k8_H200_fixlr/checkpoints/latest.pt
  Saved: /scratch/bgxp/ezhou1/factor_diffusion_proj/Experiments_Output/Burgers_2D/k8_H200_fixlr/checkpoints/latest.pt
  Saved: /scratch/bgxp/ezhou1/factor_diffusion_proj/Experiments_Output/Burgers_2D/k8_H200_fixlr/checkpoints/latest.pt
  Saved: /scratch/bgxp/ezhou1/factor_diffusion_proj/Experiments_Output/Burgers_2D/k8_H200_fixlr/checkpoints/latest.pt
  Saved: /scratch/bgxp/ezhou1/factor_diffusion_proj/Experiments_Output/Burgers_2D/k8_H200_fixlr/checkpoints/latest.pt
  Saved: /scratch/bgxp/ezhou1/factor_diffusion_proj/Experiments_Output/Burgers_2D/k8_H200_fixlr/checkpoints/latest.pt
  Saved: /scratch/bgxp/ezhou1/factor_diffusion_proj/Experiments_Output/Burgers_2D/k8_H200_fixlr/checkpoints/latest.pt
  Saved: /scratch/bgxp/ezhou1/factor_diffusion_proj/Experiments_Output/Burgers_2D/k8_H200_fixlr/checkpoints/latest.pt
  Saved: /scratch/bgxp/ezhou1/factor_diffusion_proj/Experiments_Output/Burgers_2D/k8_H200_fixlr/checkpoints/latest.pt
  Saved: /scratch/bgxp/ezhou1/factor_diffusion_proj/Experiments_Output/Burgers_2D/k8_H200_fixlr/checkpoints/latest.pt
  Saved: /scratch/bgxp/ezhou1/factor_diffusion_proj/Experiments_Output/Burgers_2D/k8_H200_fixlr/checkpoints/latest.pt
  Saved: /scratch/bgxp/ezhou1/factor_diffusion_proj/Experiments_Output/Burgers_2D/k8_H200_fixlr/checkpoints/latest.pt
  Saved: /scratch/bgxp/ezhou1/factor_diffusion_proj/Experiments_Output/Burgers_2D/k8_H200_fixlr/checkpoints/latest.pt
  Saved: /scratch/bgxp/ezhou1/factor_diffusion_proj/Experiments_Output/Burgers_2D/k8_H200_fixlr/checkpoints/latest.pt
  Saved: /scratch/bgxp/ezhou1/factor_diffusion_proj/Experiments_Output/Burgers_2D/k8_H200_fixlr/checkpoints/latest.pt
  Saved: /scratch/bgxp/ezhou1/factor_diffusion_proj/Experiments_Output/Burgers_2D/k8_H200_fixlr/checkpoints/latest.pt
  Saved: /scratch/bgxp/ezhou1/factor_diffusion_proj/Experiments_Output/Burgers_2D/k8_H200_fixlr/checkpoints/latest.pt
  Saved: /scratch/bgxp/ezhou1/factor_diffusion_proj/Experiments_Output/Burgers_2D/k8_H200_fixlr/checkpoints/latest.pt
  Saved: /scratch/bgxp/ezhou1/factor_diffusion_proj/Experiments_Output/Burgers_2D/k8_H200_fixlr/checkpoints/latest.pt
  Saved: /scratch/bgxp/ezhou1/factor_diffusion_proj/Experiments_Output/Burgers_2D/k8_H200_fixlr/checkpoints/latest.pt
  Saved: /scratch/bgxp/ezhou1/factor_diffusion_proj/Experiments_Output/Burgers_2D/k8_H200_fixlr/checkpoints/latest.pt
  Saved: /scratch/bgxp/ezhou1/factor_diffusion_proj/Experiments_Output/Burgers_2D/k8_H200_fixlr/checkpoints/latest.pt
  Saved: /scratch/bgxp/ezhou1/factor_diffusion_proj/Experiments_Output/Burgers_2D/k8_H200_fixlr/checkpoints/latest.pt
  Saved: /scratch/bgxp/ezhou1/factor_diffusion_proj/Experiments_Output/Burgers_2D/k8_H200_fixlr/checkpoints/latest.pt
  Saved: /scratch/bgxp/ezhou1/factor_diffusion_proj/Experiments_Output/Burgers_2D/k8_H200_fixlr/checkpoints/latest.pt
  Saved: /scratch/bgxp/ezhou1/factor_diffusion_proj/Experiments_Output/Burgers_2D/k8_H200_fixlr/checkpoints/latest.pt
  Saved: /scratch/bgxp/ezhou1/factor_diffusion_proj/Experiments_Output/Burgers_2D/k8_H200_fixlr/checkpoints/latest.pt
  Saved: /scratch/bgxp/ezhou1/factor_diffusion_proj/Experiments_Output/Burgers_2D/k8_H200_fixlr/checkpoints/latest.pt
  Saved: /scratch/bgxp/ezhou1/factor_diffusion_proj/Experiments_Output/Burgers_2D/k8_H200_fixlr/checkpoints/latest.pt
  Saved: /scratch/bgxp/ezhou1/factor_diffusion_proj/Experiments_Output/Burgers_2D/k8_H200_fixlr/checkpoints/latest.pt
  Saved: /scratch/bgxp/ezhou1/factor_diffusion_proj/Experiments_Output/Burgers_2D/k8_H200_fixlr/checkpoints/latest.pt
  Saved: /scratch/bgxp/ezhou1/factor_diffusion_proj/Experiments_Output/Burgers_2D/k8_H200_fixlr/checkpoints/latest.pt
  Saved: /scratch/bgxp/ezhou1/factor_diffusion_proj/Experiments_Output/Burgers_2D/k8_H200_fixlr/checkpoints/latest.pt
  Saved: /scratch/bgxp/ezhou1/factor_diffusion_proj/Experiments_Output/Burgers_2D/k8_H200_fixlr/checkpoints/latest.pt
  Saved: /scratch/bgxp/ezhou1/factor_diffusion_proj/Experiments_Output/Burgers_2D/k8_H200_fixlr/checkpoints/latest.pt
  Saved: /scratch/bgxp/ezhou1/factor_diffusion_proj/Experiments_Output/Burgers_2D/k8_H200_fixlr/checkpoints/latest.pt
  Saved: /scratch/bgxp/ezhou1/factor_diffusion_proj/Experiments_Output/Burgers_2D/k8_H200_fixlr/checkpoints/latest.pt
  Saved: /scratch/bgxp/ezhou1/factor_diffusion_proj/Experiments_Output/Burgers_2D/k8_H200_fixlr/checkpoints/latest.pt
  Saved: /scratch/bgxp/ezhou1/factor_diffusion_proj/Experiments_Output/Burgers_2D/k8_H200_fixlr/checkpoints/epoch_0300.pt
  Saved: /scratch/bgxp/ezhou1/factor_diffusion_proj/Experiments_Output/Burgers_2D/k8_H200_fixlr/checkpoints/latest.pt
  Saved: /scratch/bgxp/ezhou1/factor_diffusion_proj/Experiments_Output/Burgers_2D/k8_H200_fixlr/checkpoints/latest.pt
  Saved: /scratch/bgxp/ezhou1/factor_diffusion_proj/Experiments_Output/Burgers_2D/k8_H200_fixlr/checkpoints/latest.pt
  Saved: /scratch/bgxp/ezhou1/factor_diffusion_proj/Experiments_Output/Burgers_2D/k8_H200_fixlr/checkpoints/latest.pt
  Saved: /scratch/bgxp/ezhou1/factor_diffusion_proj/Experiments_Output/Burgers_2D/k8_H200_fixlr/checkpoints/latest.pt
  Saved: /scratch/bgxp/ezhou1/factor_diffusion_proj/Experiments_Output/Burgers_2D/k8_H200_fixlr/checkpoints/latest.pt
  Saved: /scratch/bgxp/ezhou1/factor_diffusion_proj/Experiments_Output/Burgers_2D/k8_H200_fixlr/checkpoints/latest.pt
  Saved: /scratch/bgxp/ezhou1/factor_diffusion_proj/Experiments_Output/Burgers_2D/k8_H200_fixlr/checkpoints/latest.pt
  Saved: /scratch/bgxp/ezhou1/factor_diffusion_proj/Experiments_Output/Burgers_2D/k8_H200_fixlr/checkpoints/latest.pt
  Saved: /scratch/bgxp/ezhou1/factor_diffusion_proj/Experiments_Output/Burgers_2D/k8_H200_fixlr/checkpoints/latest.pt
  Saved: /scratch/bgxp/ezhou1/factor_diffusion_proj/Experiments_Output/Burgers_2D/k8_H200_fixlr/checkpoints/latest.pt
  Saved: /scratch/bgxp/ezhou1/factor_diffusion_proj/Experiments_Output/Burgers_2D/k8_H200_fixlr/checkpoints/latest.pt
  Saved: /scratch/bgxp/ezhou1/factor_diffusion_proj/Experiments_Output/Burgers_2D/k8_H200_fixlr/checkpoints/latest.pt
  Saved: /scratch/bgxp/ezhou1/factor_diffusion_proj/Experiments_Output/Burgers_2D/k8_H200_fixlr/checkpoints/latest.pt
  Saved: /scratch/bgxp/ezhou1/factor_diffusion_proj/Experiments_Output/Burgers_2D/k8_H200_fixlr/checkpoints/latest.pt
  Saved: /scratch/bgxp/ezhou1/factor_diffusion_proj/Experiments_Output/Burgers_2D/k8_H200_fixlr/checkpoints/latest.pt
  Saved: /scratch/bgxp/ezhou1/factor_diffusion_proj/Experiments_Output/Burgers_2D/k8_H200_fixlr/checkpoints/latest.pt
  Saved: /scratch/bgxp/ezhou1/factor_diffusion_proj/Experiments_Output/Burgers_2D/k8_H200_fixlr/checkpoints/latest.pt
  Saved: /scratch/bgxp/ezhou1/factor_diffusion_proj/Experiments_Output/Burgers_2D/k8_H200_fixlr/checkpoints/latest.pt
  Saved: /scratch/bgxp/ezhou1/factor_diffusion_proj/Experiments_Output/Burgers_2D/k8_H200_fixlr/checkpoints/latest.pt
  Saved: /scratch/bgxp/ezhou1/factor_diffusion_proj/Experiments_Output/Burgers_2D/k8_H200_fixlr/checkpoints/latest.pt
  Saved: /scratch/bgxp/ezhou1/factor_diffusion_proj/Experiments_Output/Burgers_2D/k8_H200_fixlr/checkpoints/latest.pt
  Saved: /scratch/bgxp/ezhou1/factor_diffusion_proj/Experiments_Output/Burgers_2D/k8_H200_fixlr/checkpoints/latest.pt
  Saved: /scratch/bgxp/ezhou1/factor_diffusion_proj/Experiments_Output/Burgers_2D/k8_H200_fixlr/checkpoints/latest.pt
  Saved: /scratch/bgxp/ezhou1/factor_diffusion_proj/Experiments_Output/Burgers_2D/k8_H200_fixlr/checkpoints/latest.pt
  Saved: /scratch/bgxp/ezhou1/factor_diffusion_proj/Experiments_Output/Burgers_2D/k8_H200_fixlr/checkpoints/latest.pt
  Saved: /scratch/bgxp/ezhou1/factor_diffusion_proj/Experiments_Output/Burgers_2D/k8_H200_fixlr/checkpoints/latest.pt
  Saved: /scratch/bgxp/ezhou1/factor_diffusion_proj/Experiments_Output/Burgers_2D/k8_H200_fixlr/checkpoints/latest.pt
  Saved: /scratch/bgxp/ezhou1/factor_diffusion_proj/Experiments_Output/Burgers_2D/k8_H200_fixlr/checkpoints/latest.pt
  Saved: /scratch/bgxp/ezhou1/factor_diffusion_proj/Experiments_Output/Burgers_2D/k8_H200_fixlr/checkpoints/latest.pt
  Saved: /scratch/bgxp/ezhou1/factor_diffusion_proj/Experiments_Output/Burgers_2D/k8_H200_fixlr/checkpoints/latest.pt
  Saved: /scratch/bgxp/ezhou1/factor_diffusion_proj/Experiments_Output/Burgers_2D/k8_H200_fixlr/checkpoints/latest.pt
  Saved: /scratch/bgxp/ezhou1/factor_diffusion_proj/Experiments_Output/Burgers_2D/k8_H200_fixlr/checkpoints/latest.pt
  Saved: /scratch/bgxp/ezhou1/factor_diffusion_proj/Experiments_Output/Burgers_2D/k8_H200_fixlr/checkpoints/latest.pt
  Saved: /scratch/bgxp/ezhou1/factor_diffusion_proj/Experiments_Output/Burgers_2D/k8_H200_fixlr/checkpoints/latest.pt
  Saved: /scratch/bgxp/ezhou1/factor_diffusion_proj/Experiments_Output/Burgers_2D/k8_H200_fixlr/checkpoints/latest.pt
  Saved: /scratch/bgxp/ezhou1/factor_diffusion_proj/Experiments_Output/Burgers_2D/k8_H200_fixlr/checkpoints/latest.pt
  Saved: /scratch/bgxp/ezhou1/factor_diffusion_proj/Experiments_Output/Burgers_2D/k8_H200_fixlr/checkpoints/latest.pt
  Saved: /scratch/bgxp/ezhou1/factor_diffusion_proj/Experiments_Output/Burgers_2D/k8_H200_fixlr/checkpoints/latest.pt
  Saved: /scratch/bgxp/ezhou1/factor_diffusion_proj/Experiments_Output/Burgers_2D/k8_H200_fixlr/checkpoints/latest.pt
  Saved: /scratch/bgxp/ezhou1/factor_diffusion_proj/Experiments_Output/Burgers_2D/k8_H200_fixlr/checkpoints/latest.pt
  Saved: /scratch/bgxp/ezhou1/factor_diffusion_proj/Experiments_Output/Burgers_2D/k8_H200_fixlr/checkpoints/latest.pt
  Saved: /scratch/bgxp/ezhou1/factor_diffusion_proj/Experiments_Output/Burgers_2D/k8_H200_fixlr/checkpoints/latest.pt
  Saved: /scratch/bgxp/ezhou1/factor_diffusion_proj/Experiments_Output/Burgers_2D/k8_H200_fixlr/checkpoints/latest.pt
  Saved: /scratch/bgxp/ezhou1/factor_diffusion_proj/Experiments_Output/Burgers_2D/k8_H200_fixlr/checkpoints/latest.pt
  Saved: /scratch/bgxp/ezhou1/factor_diffusion_proj/Experiments_Output/Burgers_2D/k8_H200_fixlr/checkpoints/latest.pt
  Saved: /scratch/bgxp/ezhou1/factor_diffusion_proj/Experiments_Output/Burgers_2D/k8_H200_fixlr/checkpoints/latest.pt
  Saved: /scratch/bgxp/ezhou1/factor_diffusion_proj/Experiments_Output/Burgers_2D/k8_H200_fixlr/checkpoints/latest.pt
  Saved: /scratch/bgxp/ezhou1/factor_diffusion_proj/Experiments_Output/Burgers_2D/k8_H200_fixlr/checkpoints/latest.pt
  Saved: /scratch/bgxp/ezhou1/factor_diffusion_proj/Experiments_Output/Burgers_2D/k8_H200_fixlr/checkpoints/latest.pt
  Saved: /scratch/bgxp/ezhou1/factor_diffusion_proj/Experiments_Output/Burgers_2D/k8_H200_fixlr/checkpoints/epoch_0350.pt
  Saved: /scratch/bgxp/ezhou1/factor_diffusion_proj/Experiments_Output/Burgers_2D/k8_H200_fixlr/checkpoints/latest.pt
  Saved: /scratch/bgxp/ezhou1/factor_diffusion_proj/Experiments_Output/Burgers_2D/k8_H200_fixlr/checkpoints/latest.pt
  Saved: /scratch/bgxp/ezhou1/factor_diffusion_proj/Experiments_Output/Burgers_2D/k8_H200_fixlr/checkpoints/latest.pt
  Saved: /scratch/bgxp/ezhou1/factor_diffusion_proj/Experiments_Output/Burgers_2D/k8_H200_fixlr/checkpoints/latest.pt
  Saved: /scratch/bgxp/ezhou1/factor_diffusion_proj/Experiments_Output/Burgers_2D/k8_H200_fixlr/checkpoints/latest.pt
  Saved: /scratch/bgxp/ezhou1/factor_diffusion_proj/Experiments_Output/Burgers_2D/k8_H200_fixlr/checkpoints/latest.pt
  Saved: /scratch/bgxp/ezhou1/factor_diffusion_proj/Experiments_Output/Burgers_2D/k8_H200_fixlr/checkpoints/latest.pt
  Saved: /scratch/bgxp/ezhou1/factor_diffusion_proj/Experiments_Output/Burgers_2D/k8_H200_fixlr/checkpoints/latest.pt
  Saved: /scratch/bgxp/ezhou1/factor_diffusion_proj/Experiments_Output/Burgers_2D/k8_H200_fixlr/checkpoints/latest.pt
  Saved: /scratch/bgxp/ezhou1/factor_diffusion_proj/Experiments_Output/Burgers_2D/k8_H200_fixlr/checkpoints/latest.pt
  Saved: /scratch/bgxp/ezhou1/factor_diffusion_proj/Experiments_Output/Burgers_2D/k8_H200_fixlr/checkpoints/latest.pt
  Saved: /scratch/bgxp/ezhou1/factor_diffusion_proj/Experiments_Output/Burgers_2D/k8_H200_fixlr/checkpoints/latest.pt
  Saved: /scratch/bgxp/ezhou1/factor_diffusion_proj/Experiments_Output/Burgers_2D/k8_H200_fixlr/checkpoints/latest.pt
  Saved: /scratch/bgxp/ezhou1/factor_diffusion_proj/Experiments_Output/Burgers_2D/k8_H200_fixlr/checkpoints/latest.pt
  Saved: /scratch/bgxp/ezhou1/factor_diffusion_proj/Experiments_Output/Burgers_2D/k8_H200_fixlr/checkpoints/latest.pt
  Saved: /scratch/bgxp/ezhou1/factor_diffusion_proj/Experiments_Output/Burgers_2D/k8_H200_fixlr/checkpoints/latest.pt
  Saved: /scratch/bgxp/ezhou1/factor_diffusion_proj/Experiments_Output/Burgers_2D/k8_H200_fixlr/checkpoints/latest.pt
  Saved: /scratch/bgxp/ezhou1/factor_diffusion_proj/Experiments_Output/Burgers_2D/k8_H200_fixlr/checkpoints/latest.pt
  Saved: /scratch/bgxp/ezhou1/factor_diffusion_proj/Experiments_Output/Burgers_2D/k8_H200_fixlr/checkpoints/latest.pt
  Saved: /scratch/bgxp/ezhou1/factor_diffusion_proj/Experiments_Output/Burgers_2D/k8_H200_fixlr/checkpoints/latest.pt
  Saved: /scratch/bgxp/ezhou1/factor_diffusion_proj/Experiments_Output/Burgers_2D/k8_H200_fixlr/checkpoints/latest.pt
  Saved: /scratch/bgxp/ezhou1/factor_diffusion_proj/Experiments_Output/Burgers_2D/k8_H200_fixlr/checkpoints/latest.pt
  Saved: /scratch/bgxp/ezhou1/factor_diffusion_proj/Experiments_Output/Burgers_2D/k8_H200_fixlr/checkpoints/latest.pt
  Saved: /scratch/bgxp/ezhou1/factor_diffusion_proj/Experiments_Output/Burgers_2D/k8_H200_fixlr/checkpoints/latest.pt
  Saved: /scratch/bgxp/ezhou1/factor_diffusion_proj/Experiments_Output/Burgers_2D/k8_H200_fixlr/checkpoints/latest.pt
  Saved: /scratch/bgxp/ezhou1/factor_diffusion_proj/Experiments_Output/Burgers_2D/k8_H200_fixlr/checkpoints/latest.pt
  Saved: /scratch/bgxp/ezhou1/factor_diffusion_proj/Experiments_Output/Burgers_2D/k8_H200_fixlr/checkpoints/latest.pt
  Saved: /scratch/bgxp/ezhou1/factor_diffusion_proj/Experiments_Output/Burgers_2D/k8_H200_fixlr/checkpoints/latest.pt
  Saved: /scratch/bgxp/ezhou1/factor_diffusion_proj/Experiments_Output/Burgers_2D/k8_H200_fixlr/checkpoints/latest.pt
  Saved: /scratch/bgxp/ezhou1/factor_diffusion_proj/Experiments_Output/Burgers_2D/k8_H200_fixlr/checkpoints/latest.pt
  Saved: /scratch/bgxp/ezhou1/factor_diffusion_proj/Experiments_Output/Burgers_2D/k8_H200_fixlr/checkpoints/latest.pt
  Saved: /scratch/bgxp/ezhou1/factor_diffusion_proj/Experiments_Output/Burgers_2D/k8_H200_fixlr/checkpoints/latest.pt
  Saved: /scratch/bgxp/ezhou1/factor_diffusion_proj/Experiments_Output/Burgers_2D/k8_H200_fixlr/checkpoints/latest.pt
  Saved: /scratch/bgxp/ezhou1/factor_diffusion_proj/Experiments_Output/Burgers_2D/k8_H200_fixlr/checkpoints/latest.pt
  Saved: /scratch/bgxp/ezhou1/factor_diffusion_proj/Experiments_Output/Burgers_2D/k8_H200_fixlr/checkpoints/latest.pt
  Saved: /scratch/bgxp/ezhou1/factor_diffusion_proj/Experiments_Output/Burgers_2D/k8_H200_fixlr/checkpoints/latest.pt
  Saved: /scratch/bgxp/ezhou1/factor_diffusion_proj/Experiments_Output/Burgers_2D/k8_H200_fixlr/checkpoints/latest.pt
  Saved: /scratch/bgxp/ezhou1/factor_diffusion_proj/Experiments_Output/Burgers_2D/k8_H200_fixlr/checkpoints/latest.pt
  Saved: /scratch/bgxp/ezhou1/factor_diffusion_proj/Experiments_Output/Burgers_2D/k8_H200_fixlr/checkpoints/latest.pt
  Saved: /scratch/bgxp/ezhou1/factor_diffusion_proj/Experiments_Output/Burgers_2D/k8_H200_fixlr/checkpoints/latest.pt
  Saved: /scratch/bgxp/ezhou1/factor_diffusion_proj/Experiments_Output/Burgers_2D/k8_H200_fixlr/checkpoints/latest.pt
  Saved: /scratch/bgxp/ezhou1/factor_diffusion_proj/Experiments_Output/Burgers_2D/k8_H200_fixlr/checkpoints/latest.pt
  Saved: /scratch/bgxp/ezhou1/factor_diffusion_proj/Experiments_Output/Burgers_2D/k8_H200_fixlr/checkpoints/latest.pt
  Saved: /scratch/bgxp/ezhou1/factor_diffusion_proj/Experiments_Output/Burgers_2D/k8_H200_fixlr/checkpoints/latest.pt
  Saved: /scratch/bgxp/ezhou1/factor_diffusion_proj/Experiments_Output/Burgers_2D/k8_H200_fixlr/checkpoints/latest.pt
  Saved: /scratch/bgxp/ezhou1/factor_diffusion_proj/Experiments_Output/Burgers_2D/k8_H200_fixlr/checkpoints/latest.pt
  Saved: /scratch/bgxp/ezhou1/factor_diffusion_proj/Experiments_Output/Burgers_2D/k8_H200_fixlr/checkpoints/latest.pt
  Saved: /scratch/bgxp/ezhou1/factor_diffusion_proj/Experiments_Output/Burgers_2D/k8_H200_fixlr/checkpoints/latest.pt
  Saved: /scratch/bgxp/ezhou1/factor_diffusion_proj/Experiments_Output/Burgers_2D/k8_H200_fixlr/checkpoints/latest.pt
  Saved: /scratch/bgxp/ezhou1/factor_diffusion_proj/Experiments_Output/Burgers_2D/k8_H200_fixlr/checkpoints/latest.pt
  Saved: /scratch/bgxp/ezhou1/factor_diffusion_proj/Experiments_Output/Burgers_2D/k8_H200_fixlr/checkpoints/epoch_0400.pt
  Saved: /scratch/bgxp/ezhou1/factor_diffusion_proj/Experiments_Output/Burgers_2D/k8_H200_fixlr/checkpoints/latest.pt
  Saved: /scratch/bgxp/ezhou1/factor_diffusion_proj/Experiments_Output/Burgers_2D/k8_H200_fixlr/checkpoints/latest.pt
  Saved: /scratch/bgxp/ezhou1/factor_diffusion_proj/Experiments_Output/Burgers_2D/k8_H200_fixlr/checkpoints/latest.pt
  Saved: /scratch/bgxp/ezhou1/factor_diffusion_proj/Experiments_Output/Burgers_2D/k8_H200_fixlr/checkpoints/latest.pt
  Saved: /scratch/bgxp/ezhou1/factor_diffusion_proj/Experiments_Output/Burgers_2D/k8_H200_fixlr/checkpoints/latest.pt
  Saved: /scratch/bgxp/ezhou1/factor_diffusion_proj/Experiments_Output/Burgers_2D/k8_H200_fixlr/checkpoints/latest.pt
  Saved: /scratch/bgxp/ezhou1/factor_diffusion_proj/Experiments_Output/Burgers_2D/k8_H200_fixlr/checkpoints/latest.pt
  Saved: /scratch/bgxp/ezhou1/factor_diffusion_proj/Experiments_Output/Burgers_2D/k8_H200_fixlr/checkpoints/latest.pt
  Saved: /scratch/bgxp/ezhou1/factor_diffusion_proj/Experiments_Output/Burgers_2D/k8_H200_fixlr/checkpoints/latest.pt
  Saved: /scratch/bgxp/ezhou1/factor_diffusion_proj/Experiments_Output/Burgers_2D/k8_H200_fixlr/checkpoints/latest.pt
  Saved: /scratch/bgxp/ezhou1/factor_diffusion_proj/Experiments_Output/Burgers_2D/k8_H200_fixlr/checkpoints/latest.pt
  Saved: /scratch/bgxp/ezhou1/factor_diffusion_proj/Experiments_Output/Burgers_2D/k8_H200_fixlr/checkpoints/latest.pt
  Saved: /scratch/bgxp/ezhou1/factor_diffusion_proj/Experiments_Output/Burgers_2D/k8_H200_fixlr/checkpoints/latest.pt
  Saved: /scratch/bgxp/ezhou1/factor_diffusion_proj/Experiments_Output/Burgers_2D/k8_H200_fixlr/checkpoints/latest.pt
  Saved: /scratch/bgxp/ezhou1/factor_diffusion_proj/Experiments_Output/Burgers_2D/k8_H200_fixlr/checkpoints/latest.pt
  Saved: /scratch/bgxp/ezhou1/factor_diffusion_proj/Experiments_Output/Burgers_2D/k8_H200_fixlr/checkpoints/latest.pt
  Saved: /scratch/bgxp/ezhou1/factor_diffusion_proj/Experiments_Output/Burgers_2D/k8_H200_fixlr/checkpoints/latest.pt
  Saved: /scratch/bgxp/ezhou1/factor_diffusion_proj/Experiments_Output/Burgers_2D/k8_H200_fixlr/checkpoints/latest.pt
  Saved: /scratch/bgxp/ezhou1/factor_diffusion_proj/Experiments_Output/Burgers_2D/k8_H200_fixlr/checkpoints/latest.pt
  Saved: /scratch/bgxp/ezhou1/factor_diffusion_proj/Experiments_Output/Burgers_2D/k8_H200_fixlr/checkpoints/latest.pt
  Saved: /scratch/bgxp/ezhou1/factor_diffusion_proj/Experiments_Output/Burgers_2D/k8_H200_fixlr/checkpoints/latest.pt
  Saved: /scratch/bgxp/ezhou1/factor_diffusion_proj/Experiments_Output/Burgers_2D/k8_H200_fixlr/checkpoints/latest.pt
  Saved: /scratch/bgxp/ezhou1/factor_diffusion_proj/Experiments_Output/Burgers_2D/k8_H200_fixlr/checkpoints/latest.pt
  Saved: /scratch/bgxp/ezhou1/factor_diffusion_proj/Experiments_Output/Burgers_2D/k8_H200_fixlr/checkpoints/latest.pt
  Saved: /scratch/bgxp/ezhou1/factor_diffusion_proj/Experiments_Output/Burgers_2D/k8_H200_fixlr/checkpoints/latest.pt
  Saved: /scratch/bgxp/ezhou1/factor_diffusion_proj/Experiments_Output/Burgers_2D/k8_H200_fixlr/checkpoints/latest.pt
  Saved: /scratch/bgxp/ezhou1/factor_diffusion_proj/Experiments_Output/Burgers_2D/k8_H200_fixlr/checkpoints/latest.pt
  Saved: /scratch/bgxp/ezhou1/factor_diffusion_proj/Experiments_Output/Burgers_2D/k8_H200_fixlr/checkpoints/latest.pt
  Saved: /scratch/bgxp/ezhou1/factor_diffusion_proj/Experiments_Output/Burgers_2D/k8_H200_fixlr/checkpoints/latest.pt
  Saved: /scratch/bgxp/ezhou1/factor_diffusion_proj/Experiments_Output/Burgers_2D/k8_H200_fixlr/checkpoints/latest.pt
  Saved: /scratch/bgxp/ezhou1/factor_diffusion_proj/Experiments_Output/Burgers_2D/k8_H200_fixlr/checkpoints/latest.pt
  Saved: /scratch/bgxp/ezhou1/factor_diffusion_proj/Experiments_Output/Burgers_2D/k8_H200_fixlr/checkpoints/latest.pt
  Saved: /scratch/bgxp/ezhou1/factor_diffusion_proj/Experiments_Output/Burgers_2D/k8_H200_fixlr/checkpoints/latest.pt
  Saved: /scratch/bgxp/ezhou1/factor_diffusion_proj/Experiments_Output/Burgers_2D/k8_H200_fixlr/checkpoints/latest.pt
  Saved: /scratch/bgxp/ezhou1/factor_diffusion_proj/Experiments_Output/Burgers_2D/k8_H200_fixlr/checkpoints/latest.pt
  Saved: /scratch/bgxp/ezhou1/factor_diffusion_proj/Experiments_Output/Burgers_2D/k8_H200_fixlr/checkpoints/latest.pt
  Saved: /scratch/bgxp/ezhou1/factor_diffusion_proj/Experiments_Output/Burgers_2D/k8_H200_fixlr/checkpoints/latest.pt
  Saved: /scratch/bgxp/ezhou1/factor_diffusion_proj/Experiments_Output/Burgers_2D/k8_H200_fixlr/checkpoints/latest.pt
  Saved: /scratch/bgxp/ezhou1/factor_diffusion_proj/Experiments_Output/Burgers_2D/k8_H200_fixlr/checkpoints/latest.pt
  Saved: /scratch/bgxp/ezhou1/factor_diffusion_proj/Experiments_Output/Burgers_2D/k8_H200_fixlr/checkpoints/latest.pt
  Saved: /scratch/bgxp/ezhou1/factor_diffusion_proj/Experiments_Output/Burgers_2D/k8_H200_fixlr/checkpoints/latest.pt
  Saved: /scratch/bgxp/ezhou1/factor_diffusion_proj/Experiments_Output/Burgers_2D/k8_H200_fixlr/checkpoints/latest.pt
  Saved: /scratch/bgxp/ezhou1/factor_diffusion_proj/Experiments_Output/Burgers_2D/k8_H200_fixlr/checkpoints/latest.pt
  Saved: /scratch/bgxp/ezhou1/factor_diffusion_proj/Experiments_Output/Burgers_2D/k8_H200_fixlr/checkpoints/latest.pt
  Saved: /scratch/bgxp/ezhou1/factor_diffusion_proj/Experiments_Output/Burgers_2D/k8_H200_fixlr/checkpoints/latest.pt
  Saved: /scratch/bgxp/ezhou1/factor_diffusion_proj/Experiments_Output/Burgers_2D/k8_H200_fixlr/checkpoints/latest.pt
  Saved: /scratch/bgxp/ezhou1/factor_diffusion_proj/Experiments_Output/Burgers_2D/k8_H200_fixlr/checkpoints/latest.pt
  Saved: /scratch/bgxp/ezhou1/factor_diffusion_proj/Experiments_Output/Burgers_2D/k8_H200_fixlr/checkpoints/latest.pt
  Saved: /scratch/bgxp/ezhou1/factor_diffusion_proj/Experiments_Output/Burgers_2D/k8_H200_fixlr/checkpoints/latest.pt
  Saved: /scratch/bgxp/ezhou1/factor_diffusion_proj/Experiments_Output/Burgers_2D/k8_H200_fixlr/checkpoints/latest.pt
  Saved: /scratch/bgxp/ezhou1/factor_diffusion_proj/Experiments_Output/Burgers_2D/k8_H200_fixlr/checkpoints/epoch_0450.pt
  Saved: /scratch/bgxp/ezhou1/factor_diffusion_proj/Experiments_Output/Burgers_2D/k8_H200_fixlr/checkpoints/latest.pt
  Saved: /scratch/bgxp/ezhou1/factor_diffusion_proj/Experiments_Output/Burgers_2D/k8_H200_fixlr/checkpoints/latest.pt
  Saved: /scratch/bgxp/ezhou1/factor_diffusion_proj/Experiments_Output/Burgers_2D/k8_H200_fixlr/checkpoints/latest.pt
  Saved: /scratch/bgxp/ezhou1/factor_diffusion_proj/Experiments_Output/Burgers_2D/k8_H200_fixlr/checkpoints/latest.pt
  Saved: /scratch/bgxp/ezhou1/factor_diffusion_proj/Experiments_Output/Burgers_2D/k8_H200_fixlr/checkpoints/latest.pt
  Saved: /scratch/bgxp/ezhou1/factor_diffusion_proj/Experiments_Output/Burgers_2D/k8_H200_fixlr/checkpoints/latest.pt
  Saved: /scratch/bgxp/ezhou1/factor_diffusion_proj/Experiments_Output/Burgers_2D/k8_H200_fixlr/checkpoints/latest.pt
  Saved: /scratch/bgxp/ezhou1/factor_diffusion_proj/Experiments_Output/Burgers_2D/k8_H200_fixlr/checkpoints/latest.pt
  Saved: /scratch/bgxp/ezhou1/factor_diffusion_proj/Experiments_Output/Burgers_2D/k8_H200_fixlr/checkpoints/latest.pt
  Saved: /scratch/bgxp/ezhou1/factor_diffusion_proj/Experiments_Output/Burgers_2D/k8_H200_fixlr/checkpoints/latest.pt
  Saved: /scratch/bgxp/ezhou1/factor_diffusion_proj/Experiments_Output/Burgers_2D/k8_H200_fixlr/checkpoints/latest.pt
  Saved: /scratch/bgxp/ezhou1/factor_diffusion_proj/Experiments_Output/Burgers_2D/k8_H200_fixlr/checkpoints/latest.pt
  Saved: /scratch/bgxp/ezhou1/factor_diffusion_proj/Experiments_Output/Burgers_2D/k8_H200_fixlr/checkpoints/latest.pt
  Saved: /scratch/bgxp/ezhou1/factor_diffusion_proj/Experiments_Output/Burgers_2D/k8_H200_fixlr/checkpoints/latest.pt
  Saved: /scratch/bgxp/ezhou1/factor_diffusion_proj/Experiments_Output/Burgers_2D/k8_H200_fixlr/checkpoints/latest.pt
  Saved: /scratch/bgxp/ezhou1/factor_diffusion_proj/Experiments_Output/Burgers_2D/k8_H200_fixlr/checkpoints/latest.pt
  Saved: /scratch/bgxp/ezhou1/factor_diffusion_proj/Experiments_Output/Burgers_2D/k8_H200_fixlr/checkpoints/latest.pt
  Saved: /scratch/bgxp/ezhou1/factor_diffusion_proj/Experiments_Output/Burgers_2D/k8_H200_fixlr/checkpoints/latest.pt
  Saved: /scratch/bgxp/ezhou1/factor_diffusion_proj/Experiments_Output/Burgers_2D/k8_H200_fixlr/checkpoints/latest.pt
  Saved: /scratch/bgxp/ezhou1/factor_diffusion_proj/Experiments_Output/Burgers_2D/k8_H200_fixlr/checkpoints/latest.pt
  Saved: /scratch/bgxp/ezhou1/factor_diffusion_proj/Experiments_Output/Burgers_2D/k8_H200_fixlr/checkpoints/latest.pt
  Saved: /scratch/bgxp/ezhou1/factor_diffusion_proj/Experiments_Output/Burgers_2D/k8_H200_fixlr/checkpoints/latest.pt
  Saved: /scratch/bgxp/ezhou1/factor_diffusion_proj/Experiments_Output/Burgers_2D/k8_H200_fixlr/checkpoints/latest.pt
  Saved: /scratch/bgxp/ezhou1/factor_diffusion_proj/Experiments_Output/Burgers_2D/k8_H200_fixlr/checkpoints/latest.pt
  Saved: /scratch/bgxp/ezhou1/factor_diffusion_proj/Experiments_Output/Burgers_2D/k8_H200_fixlr/checkpoints/latest.pt
  Saved: /scratch/bgxp/ezhou1/factor_diffusion_proj/Experiments_Output/Burgers_2D/k8_H200_fixlr/checkpoints/latest.pt
  Saved: /scratch/bgxp/ezhou1/factor_diffusion_proj/Experiments_Output/Burgers_2D/k8_H200_fixlr/checkpoints/latest.pt
  Saved: /scratch/bgxp/ezhou1/factor_diffusion_proj/Experiments_Output/Burgers_2D/k8_H200_fixlr/checkpoints/latest.pt
  Saved: /scratch/bgxp/ezhou1/factor_diffusion_proj/Experiments_Output/Burgers_2D/k8_H200_fixlr/checkpoints/latest.pt
  Saved: /scratch/bgxp/ezhou1/factor_diffusion_proj/Experiments_Output/Burgers_2D/k8_H200_fixlr/checkpoints/latest.pt
  Saved: /scratch/bgxp/ezhou1/factor_diffusion_proj/Experiments_Output/Burgers_2D/k8_H200_fixlr/checkpoints/latest.pt
  Saved: /scratch/bgxp/ezhou1/factor_diffusion_proj/Experiments_Output/Burgers_2D/k8_H200_fixlr/checkpoints/latest.pt
  Saved: /scratch/bgxp/ezhou1/factor_diffusion_proj/Experiments_Output/Burgers_2D/k8_H200_fixlr/checkpoints/latest.pt
  Saved: /scratch/bgxp/ezhou1/factor_diffusion_proj/Experiments_Output/Burgers_2D/k8_H200_fixlr/checkpoints/latest.pt
  Saved: /scratch/bgxp/ezhou1/factor_diffusion_proj/Experiments_Output/Burgers_2D/k8_H200_fixlr/checkpoints/latest.pt
  Saved: /scratch/bgxp/ezhou1/factor_diffusion_proj/Experiments_Output/Burgers_2D/k8_H200_fixlr/checkpoints/latest.pt
  Saved: /scratch/bgxp/ezhou1/factor_diffusion_proj/Experiments_Output/Burgers_2D/k8_H200_fixlr/checkpoints/latest.pt
  Saved: /scratch/bgxp/ezhou1/factor_diffusion_proj/Experiments_Output/Burgers_2D/k8_H200_fixlr/checkpoints/latest.pt
  Saved: /scratch/bgxp/ezhou1/factor_diffusion_proj/Experiments_Output/Burgers_2D/k8_H200_fixlr/checkpoints/latest.pt
  Saved: /scratch/bgxp/ezhou1/factor_diffusion_proj/Experiments_Output/Burgers_2D/k8_H200_fixlr/checkpoints/latest.pt
  Saved: /scratch/bgxp/ezhou1/factor_diffusion_proj/Experiments_Output/Burgers_2D/k8_H200_fixlr/checkpoints/latest.pt
  Saved: /scratch/bgxp/ezhou1/factor_diffusion_proj/Experiments_Output/Burgers_2D/k8_H200_fixlr/checkpoints/latest.pt
  Saved: /scratch/bgxp/ezhou1/factor_diffusion_proj/Experiments_Output/Burgers_2D/k8_H200_fixlr/checkpoints/latest.pt
  Saved: /scratch/bgxp/ezhou1/factor_diffusion_proj/Experiments_Output/Burgers_2D/k8_H200_fixlr/checkpoints/latest.pt
  Saved: /scratch/bgxp/ezhou1/factor_diffusion_proj/Experiments_Output/Burgers_2D/k8_H200_fixlr/checkpoints/latest.pt
  Saved: /scratch/bgxp/ezhou1/factor_diffusion_proj/Experiments_Output/Burgers_2D/k8_H200_fixlr/checkpoints/latest.pt
  Saved: /scratch/bgxp/ezhou1/factor_diffusion_proj/Experiments_Output/Burgers_2D/k8_H200_fixlr/checkpoints/latest.pt
  Saved: /scratch/bgxp/ezhou1/factor_diffusion_proj/Experiments_Output/Burgers_2D/k8_H200_fixlr/checkpoints/latest.pt
  Saved: /scratch/bgxp/ezhou1/factor_diffusion_proj/Experiments_Output/Burgers_2D/k8_H200_fixlr/checkpoints/latest.pt
  Saved: /scratch/bgxp/ezhou1/factor_diffusion_proj/Experiments_Output/Burgers_2D/k8_H200_fixlr/checkpoints/latest.pt
  Saved: /scratch/bgxp/ezhou1/factor_diffusion_proj/Experiments_Output/Burgers_2D/k8_H200_fixlr/checkpoints/epoch_0500.pt
  Saved: /scratch/bgxp/ezhou1/factor_diffusion_proj/Experiments_Output/Burgers_2D/k8_H200_fixlr/checkpoints/latest.pt
  Saved: /scratch/bgxp/ezhou1/factor_diffusion_proj/Experiments_Output/Burgers_2D/k8_H200_fixlr/checkpoints/final.pt
