[Resume] No checkpoint at /scratch/bgxp/ezhou1/factor_diffusion_proj/Experiments_Output/Karman_Vortex_2D/k8_H200_fixlr/checkpoints/latest.pt, starting fresh.
Shard dir      : /scratch/bgxp/ezhou1/factor_diffusion_proj/data/karman_vortex_2d
Num shards     : 200
Field          : vor (vorticity)
Pool factor k  : 8  →  spatial 16x16
Compression    : 64x
Preload all    : True
Preloading all shards into RAM (one-time, ~5min)...
  Loaded 20/200 shards...
  Loaded 40/200 shards...
  Loaded 60/200 shards...
  Loaded 80/200 shards...
  Loaded 100/200 shards...
  Loaded 120/200 shards...
  Loaded 140/200 shards...
  Loaded 160/200 shards...
  Loaded 180/200 shards...
  Loaded 200/200 shards...
Preload done! 200 shards in RAM.
Total samples  : 10,000
  Saved: /scratch/bgxp/ezhou1/factor_diffusion_proj/Experiments_Output/Karman_Vortex_2D/k8_H200_fixlr/checkpoints/latest.pt
  Saved: /scratch/bgxp/ezhou1/factor_diffusion_proj/Experiments_Output/Karman_Vortex_2D/k8_H200_fixlr/checkpoints/latest.pt
  Saved: /scratch/bgxp/ezhou1/factor_diffusion_proj/Experiments_Output/Karman_Vortex_2D/k8_H200_fixlr/checkpoints/latest.pt
  Saved: /scratch/bgxp/ezhou1/factor_diffusion_proj/Experiments_Output/Karman_Vortex_2D/k8_H200_fixlr/checkpoints/latest.pt
  Saved: /scratch/bgxp/ezhou1/factor_diffusion_proj/Experiments_Output/Karman_Vortex_2D/k8_H200_fixlr/checkpoints/latest.pt
  Saved: /scratch/bgxp/ezhou1/factor_diffusion_proj/Experiments_Output/Karman_Vortex_2D/k8_H200_fixlr/checkpoints/latest.pt
  Saved: /scratch/bgxp/ezhou1/factor_diffusion_proj/Experiments_Output/Karman_Vortex_2D/k8_H200_fixlr/checkpoints/latest.pt
  Saved: /scratch/bgxp/ezhou1/factor_diffusion_proj/Experiments_Output/Karman_Vortex_2D/k8_H200_fixlr/checkpoints/latest.pt
  Saved: /scratch/bgxp/ezhou1/factor_diffusion_proj/Experiments_Output/Karman_Vortex_2D/k8_H200_fixlr/checkpoints/latest.pt
  Saved: /scratch/bgxp/ezhou1/factor_diffusion_proj/Experiments_Output/Karman_Vortex_2D/k8_H200_fixlr/checkpoints/latest.pt
  Saved: /scratch/bgxp/ezhou1/factor_diffusion_proj/Experiments_Output/Karman_Vortex_2D/k8_H200_fixlr/checkpoints/latest.pt
  Saved: /scratch/bgxp/ezhou1/factor_diffusion_proj/Experiments_Output/Karman_Vortex_2D/k8_H200_fixlr/checkpoints/latest.pt
  Saved: /scratch/bgxp/ezhou1/factor_diffusion_proj/Experiments_Output/Karman_Vortex_2D/k8_H200_fixlr/checkpoints/latest.pt
  Saved: /scratch/bgxp/ezhou1/factor_diffusion_proj/Experiments_Output/Karman_Vortex_2D/k8_H200_fixlr/checkpoints/latest.pt
  Saved: /scratch/bgxp/ezhou1/factor_diffusion_proj/Experiments_Output/Karman_Vortex_2D/k8_H200_fixlr/checkpoints/latest.pt
  Saved: /scratch/bgxp/ezhou1/factor_diffusion_proj/Experiments_Output/Karman_Vortex_2D/k8_H200_fixlr/checkpoints/latest.pt
  Saved: /scratch/bgxp/ezhou1/factor_diffusion_proj/Experiments_Output/Karman_Vortex_2D/k8_H200_fixlr/checkpoints/latest.pt
  Saved: /scratch/bgxp/ezhou1/factor_diffusion_proj/Experiments_Output/Karman_Vortex_2D/k8_H200_fixlr/checkpoints/latest.pt
  Saved: /scratch/bgxp/ezhou1/factor_diffusion_proj/Experiments_Output/Karman_Vortex_2D/k8_H200_fixlr/checkpoints/latest.pt
  Saved: /scratch/bgxp/ezhou1/factor_diffusion_proj/Experiments_Output/Karman_Vortex_2D/k8_H200_fixlr/checkpoints/latest.pt
  Saved: /scratch/bgxp/ezhou1/factor_diffusion_proj/Experiments_Output/Karman_Vortex_2D/k8_H200_fixlr/checkpoints/latest.pt
  Saved: /scratch/bgxp/ezhou1/factor_diffusion_proj/Experiments_Output/Karman_Vortex_2D/k8_H200_fixlr/checkpoints/latest.pt
  Saved: /scratch/bgxp/ezhou1/factor_diffusion_proj/Experiments_Output/Karman_Vortex_2D/k8_H200_fixlr/checkpoints/latest.pt
  Saved: /scratch/bgxp/ezhou1/factor_diffusion_proj/Experiments_Output/Karman_Vortex_2D/k8_H200_fixlr/checkpoints/latest.pt
  Saved: /scratch/bgxp/ezhou1/factor_diffusion_proj/Experiments_Output/Karman_Vortex_2D/k8_H200_fixlr/checkpoints/latest.pt
  Saved: /scratch/bgxp/ezhou1/factor_diffusion_proj/Experiments_Output/Karman_Vortex_2D/k8_H200_fixlr/checkpoints/latest.pt
  Saved: /scratch/bgxp/ezhou1/factor_diffusion_proj/Experiments_Output/Karman_Vortex_2D/k8_H200_fixlr/checkpoints/latest.pt
  Saved: /scratch/bgxp/ezhou1/factor_diffusion_proj/Experiments_Output/Karman_Vortex_2D/k8_H200_fixlr/checkpoints/latest.pt
  Saved: /scratch/bgxp/ezhou1/factor_diffusion_proj/Experiments_Output/Karman_Vortex_2D/k8_H200_fixlr/checkpoints/latest.pt
  Saved: /scratch/bgxp/ezhou1/factor_diffusion_proj/Experiments_Output/Karman_Vortex_2D/k8_H200_fixlr/checkpoints/latest.pt
  Saved: /scratch/bgxp/ezhou1/factor_diffusion_proj/Experiments_Output/Karman_Vortex_2D/k8_H200_fixlr/checkpoints/latest.pt
  Saved: /scratch/bgxp/ezhou1/factor_diffusion_proj/Experiments_Output/Karman_Vortex_2D/k8_H200_fixlr/checkpoints/latest.pt
  Saved: /scratch/bgxp/ezhou1/factor_diffusion_proj/Experiments_Output/Karman_Vortex_2D/k8_H200_fixlr/checkpoints/latest.pt
  Saved: /scratch/bgxp/ezhou1/factor_diffusion_proj/Experiments_Output/Karman_Vortex_2D/k8_H200_fixlr/checkpoints/latest.pt
  Saved: /scratch/bgxp/ezhou1/factor_diffusion_proj/Experiments_Output/Karman_Vortex_2D/k8_H200_fixlr/checkpoints/latest.pt
  Saved: /scratch/bgxp/ezhou1/factor_diffusion_proj/Experiments_Output/Karman_Vortex_2D/k8_H200_fixlr/checkpoints/latest.pt
  Saved: /scratch/bgxp/ezhou1/factor_diffusion_proj/Experiments_Output/Karman_Vortex_2D/k8_H200_fixlr/checkpoints/latest.pt
  Saved: /scratch/bgxp/ezhou1/factor_diffusion_proj/Experiments_Output/Karman_Vortex_2D/k8_H200_fixlr/checkpoints/latest.pt
  Saved: /scratch/bgxp/ezhou1/factor_diffusion_proj/Experiments_Output/Karman_Vortex_2D/k8_H200_fixlr/checkpoints/latest.pt
  Saved: /scratch/bgxp/ezhou1/factor_diffusion_proj/Experiments_Output/Karman_Vortex_2D/k8_H200_fixlr/checkpoints/latest.pt
  Saved: /scratch/bgxp/ezhou1/factor_diffusion_proj/Experiments_Output/Karman_Vortex_2D/k8_H200_fixlr/checkpoints/latest.pt
  Saved: /scratch/bgxp/ezhou1/factor_diffusion_proj/Experiments_Output/Karman_Vortex_2D/k8_H200_fixlr/checkpoints/latest.pt
  Saved: /scratch/bgxp/ezhou1/factor_diffusion_proj/Experiments_Output/Karman_Vortex_2D/k8_H200_fixlr/checkpoints/latest.pt
  Saved: /scratch/bgxp/ezhou1/factor_diffusion_proj/Experiments_Output/Karman_Vortex_2D/k8_H200_fixlr/checkpoints/latest.pt
  Saved: /scratch/bgxp/ezhou1/factor_diffusion_proj/Experiments_Output/Karman_Vortex_2D/k8_H200_fixlr/checkpoints/latest.pt
  Saved: /scratch/bgxp/ezhou1/factor_diffusion_proj/Experiments_Output/Karman_Vortex_2D/k8_H200_fixlr/checkpoints/latest.pt
  Saved: /scratch/bgxp/ezhou1/factor_diffusion_proj/Experiments_Output/Karman_Vortex_2D/k8_H200_fixlr/checkpoints/latest.pt
  Saved: /scratch/bgxp/ezhou1/factor_diffusion_proj/Experiments_Output/Karman_Vortex_2D/k8_H200_fixlr/checkpoints/latest.pt
  Saved: /scratch/bgxp/ezhou1/factor_diffusion_proj/Experiments_Output/Karman_Vortex_2D/k8_H200_fixlr/checkpoints/latest.pt
  Saved: /scratch/bgxp/ezhou1/factor_diffusion_proj/Experiments_Output/Karman_Vortex_2D/k8_H200_fixlr/checkpoints/epoch_0050.pt
  Saved: /scratch/bgxp/ezhou1/factor_diffusion_proj/Experiments_Output/Karman_Vortex_2D/k8_H200_fixlr/checkpoints/latest.pt
  Saved: /scratch/bgxp/ezhou1/factor_diffusion_proj/Experiments_Output/Karman_Vortex_2D/k8_H200_fixlr/checkpoints/latest.pt
  Saved: /scratch/bgxp/ezhou1/factor_diffusion_proj/Experiments_Output/Karman_Vortex_2D/k8_H200_fixlr/checkpoints/latest.pt
  Saved: /scratch/bgxp/ezhou1/factor_diffusion_proj/Experiments_Output/Karman_Vortex_2D/k8_H200_fixlr/checkpoints/latest.pt
  Saved: /scratch/bgxp/ezhou1/factor_diffusion_proj/Experiments_Output/Karman_Vortex_2D/k8_H200_fixlr/checkpoints/latest.pt
  Saved: /scratch/bgxp/ezhou1/factor_diffusion_proj/Experiments_Output/Karman_Vortex_2D/k8_H200_fixlr/checkpoints/latest.pt
  Saved: /scratch/bgxp/ezhou1/factor_diffusion_proj/Experiments_Output/Karman_Vortex_2D/k8_H200_fixlr/checkpoints/latest.pt
  Saved: /scratch/bgxp/ezhou1/factor_diffusion_proj/Experiments_Output/Karman_Vortex_2D/k8_H200_fixlr/checkpoints/latest.pt
  Saved: /scratch/bgxp/ezhou1/factor_diffusion_proj/Experiments_Output/Karman_Vortex_2D/k8_H200_fixlr/checkpoints/latest.pt
  Saved: /scratch/bgxp/ezhou1/factor_diffusion_proj/Experiments_Output/Karman_Vortex_2D/k8_H200_fixlr/checkpoints/latest.pt
  Saved: /scratch/bgxp/ezhou1/factor_diffusion_proj/Experiments_Output/Karman_Vortex_2D/k8_H200_fixlr/checkpoints/latest.pt
  Saved: /scratch/bgxp/ezhou1/factor_diffusion_proj/Experiments_Output/Karman_Vortex_2D/k8_H200_fixlr/checkpoints/latest.pt
  Saved: /scratch/bgxp/ezhou1/factor_diffusion_proj/Experiments_Output/Karman_Vortex_2D/k8_H200_fixlr/checkpoints/latest.pt
  Saved: /scratch/bgxp/ezhou1/factor_diffusion_proj/Experiments_Output/Karman_Vortex_2D/k8_H200_fixlr/checkpoints/latest.pt
  Saved: /scratch/bgxp/ezhou1/factor_diffusion_proj/Experiments_Output/Karman_Vortex_2D/k8_H200_fixlr/checkpoints/latest.pt
  Saved: /scratch/bgxp/ezhou1/factor_diffusion_proj/Experiments_Output/Karman_Vortex_2D/k8_H200_fixlr/checkpoints/latest.pt
  Saved: /scratch/bgxp/ezhou1/factor_diffusion_proj/Experiments_Output/Karman_Vortex_2D/k8_H200_fixlr/checkpoints/latest.pt
  Saved: /scratch/bgxp/ezhou1/factor_diffusion_proj/Experiments_Output/Karman_Vortex_2D/k8_H200_fixlr/checkpoints/latest.pt
  Saved: /scratch/bgxp/ezhou1/factor_diffusion_proj/Experiments_Output/Karman_Vortex_2D/k8_H200_fixlr/checkpoints/latest.pt
  Saved: /scratch/bgxp/ezhou1/factor_diffusion_proj/Experiments_Output/Karman_Vortex_2D/k8_H200_fixlr/checkpoints/latest.pt
  Saved: /scratch/bgxp/ezhou1/factor_diffusion_proj/Experiments_Output/Karman_Vortex_2D/k8_H200_fixlr/checkpoints/latest.pt
  Saved: /scratch/bgxp/ezhou1/factor_diffusion_proj/Experiments_Output/Karman_Vortex_2D/k8_H200_fixlr/checkpoints/latest.pt
  Saved: /scratch/bgxp/ezhou1/factor_diffusion_proj/Experiments_Output/Karman_Vortex_2D/k8_H200_fixlr/checkpoints/latest.pt
  Saved: /scratch/bgxp/ezhou1/factor_diffusion_proj/Experiments_Output/Karman_Vortex_2D/k8_H200_fixlr/checkpoints/latest.pt
  Saved: /scratch/bgxp/ezhou1/factor_diffusion_proj/Experiments_Output/Karman_Vortex_2D/k8_H200_fixlr/checkpoints/latest.pt
  Saved: /scratch/bgxp/ezhou1/factor_diffusion_proj/Experiments_Output/Karman_Vortex_2D/k8_H200_fixlr/checkpoints/latest.pt
  Saved: /scratch/bgxp/ezhou1/factor_diffusion_proj/Experiments_Output/Karman_Vortex_2D/k8_H200_fixlr/checkpoints/latest.pt
  Saved: /scratch/bgxp/ezhou1/factor_diffusion_proj/Experiments_Output/Karman_Vortex_2D/k8_H200_fixlr/checkpoints/latest.pt
  Saved: /scratch/bgxp/ezhou1/factor_diffusion_proj/Experiments_Output/Karman_Vortex_2D/k8_H200_fixlr/checkpoints/latest.pt
  Saved: /scratch/bgxp/ezhou1/factor_diffusion_proj/Experiments_Output/Karman_Vortex_2D/k8_H200_fixlr/checkpoints/latest.pt
  Saved: /scratch/bgxp/ezhou1/factor_diffusion_proj/Experiments_Output/Karman_Vortex_2D/k8_H200_fixlr/checkpoints/latest.pt
  Saved: /scratch/bgxp/ezhou1/factor_diffusion_proj/Experiments_Output/Karman_Vortex_2D/k8_H200_fixlr/checkpoints/latest.pt
  Saved: /scratch/bgxp/ezhou1/factor_diffusion_proj/Experiments_Output/Karman_Vortex_2D/k8_H200_fixlr/checkpoints/latest.pt
  Saved: /scratch/bgxp/ezhou1/factor_diffusion_proj/Experiments_Output/Karman_Vortex_2D/k8_H200_fixlr/checkpoints/latest.pt
  Saved: /scratch/bgxp/ezhou1/factor_diffusion_proj/Experiments_Output/Karman_Vortex_2D/k8_H200_fixlr/checkpoints/latest.pt
  Saved: /scratch/bgxp/ezhou1/factor_diffusion_proj/Experiments_Output/Karman_Vortex_2D/k8_H200_fixlr/checkpoints/latest.pt
  Saved: /scratch/bgxp/ezhou1/factor_diffusion_proj/Experiments_Output/Karman_Vortex_2D/k8_H200_fixlr/checkpoints/latest.pt
  Saved: /scratch/bgxp/ezhou1/factor_diffusion_proj/Experiments_Output/Karman_Vortex_2D/k8_H200_fixlr/checkpoints/latest.pt
  Saved: /scratch/bgxp/ezhou1/factor_diffusion_proj/Experiments_Output/Karman_Vortex_2D/k8_H200_fixlr/checkpoints/latest.pt
  Saved: /scratch/bgxp/ezhou1/factor_diffusion_proj/Experiments_Output/Karman_Vortex_2D/k8_H200_fixlr/checkpoints/latest.pt
  Saved: /scratch/bgxp/ezhou1/factor_diffusion_proj/Experiments_Output/Karman_Vortex_2D/k8_H200_fixlr/checkpoints/latest.pt
  Saved: /scratch/bgxp/ezhou1/factor_diffusion_proj/Experiments_Output/Karman_Vortex_2D/k8_H200_fixlr/checkpoints/latest.pt
  Saved: /scratch/bgxp/ezhou1/factor_diffusion_proj/Experiments_Output/Karman_Vortex_2D/k8_H200_fixlr/checkpoints/latest.pt
  Saved: /scratch/bgxp/ezhou1/factor_diffusion_proj/Experiments_Output/Karman_Vortex_2D/k8_H200_fixlr/checkpoints/latest.pt
  Saved: /scratch/bgxp/ezhou1/factor_diffusion_proj/Experiments_Output/Karman_Vortex_2D/k8_H200_fixlr/checkpoints/latest.pt
  Saved: /scratch/bgxp/ezhou1/factor_diffusion_proj/Experiments_Output/Karman_Vortex_2D/k8_H200_fixlr/checkpoints/latest.pt
  Saved: /scratch/bgxp/ezhou1/factor_diffusion_proj/Experiments_Output/Karman_Vortex_2D/k8_H200_fixlr/checkpoints/latest.pt
  Saved: /scratch/bgxp/ezhou1/factor_diffusion_proj/Experiments_Output/Karman_Vortex_2D/k8_H200_fixlr/checkpoints/latest.pt
  Saved: /scratch/bgxp/ezhou1/factor_diffusion_proj/Experiments_Output/Karman_Vortex_2D/k8_H200_fixlr/checkpoints/latest.pt
  Saved: /scratch/bgxp/ezhou1/factor_diffusion_proj/Experiments_Output/Karman_Vortex_2D/k8_H200_fixlr/checkpoints/latest.pt
  Saved: /scratch/bgxp/ezhou1/factor_diffusion_proj/Experiments_Output/Karman_Vortex_2D/k8_H200_fixlr/checkpoints/epoch_0100.pt
  Saved: /scratch/bgxp/ezhou1/factor_diffusion_proj/Experiments_Output/Karman_Vortex_2D/k8_H200_fixlr/checkpoints/latest.pt
  Saved: /scratch/bgxp/ezhou1/factor_diffusion_proj/Experiments_Output/Karman_Vortex_2D/k8_H200_fixlr/checkpoints/latest.pt
  Saved: /scratch/bgxp/ezhou1/factor_diffusion_proj/Experiments_Output/Karman_Vortex_2D/k8_H200_fixlr/checkpoints/latest.pt
  Saved: /scratch/bgxp/ezhou1/factor_diffusion_proj/Experiments_Output/Karman_Vortex_2D/k8_H200_fixlr/checkpoints/latest.pt
  Saved: /scratch/bgxp/ezhou1/factor_diffusion_proj/Experiments_Output/Karman_Vortex_2D/k8_H200_fixlr/checkpoints/latest.pt
  Saved: /scratch/bgxp/ezhou1/factor_diffusion_proj/Experiments_Output/Karman_Vortex_2D/k8_H200_fixlr/checkpoints/latest.pt
  Saved: /scratch/bgxp/ezhou1/factor_diffusion_proj/Experiments_Output/Karman_Vortex_2D/k8_H200_fixlr/checkpoints/latest.pt
  Saved: /scratch/bgxp/ezhou1/factor_diffusion_proj/Experiments_Output/Karman_Vortex_2D/k8_H200_fixlr/checkpoints/latest.pt
  Saved: /scratch/bgxp/ezhou1/factor_diffusion_proj/Experiments_Output/Karman_Vortex_2D/k8_H200_fixlr/checkpoints/latest.pt
  Saved: /scratch/bgxp/ezhou1/factor_diffusion_proj/Experiments_Output/Karman_Vortex_2D/k8_H200_fixlr/checkpoints/latest.pt
  Saved: /scratch/bgxp/ezhou1/factor_diffusion_proj/Experiments_Output/Karman_Vortex_2D/k8_H200_fixlr/checkpoints/latest.pt
  Saved: /scratch/bgxp/ezhou1/factor_diffusion_proj/Experiments_Output/Karman_Vortex_2D/k8_H200_fixlr/checkpoints/latest.pt
  Saved: /scratch/bgxp/ezhou1/factor_diffusion_proj/Experiments_Output/Karman_Vortex_2D/k8_H200_fixlr/checkpoints/latest.pt
  Saved: /scratch/bgxp/ezhou1/factor_diffusion_proj/Experiments_Output/Karman_Vortex_2D/k8_H200_fixlr/checkpoints/latest.pt
  Saved: /scratch/bgxp/ezhou1/factor_diffusion_proj/Experiments_Output/Karman_Vortex_2D/k8_H200_fixlr/checkpoints/latest.pt
  Saved: /scratch/bgxp/ezhou1/factor_diffusion_proj/Experiments_Output/Karman_Vortex_2D/k8_H200_fixlr/checkpoints/latest.pt
  Saved: /scratch/bgxp/ezhou1/factor_diffusion_proj/Experiments_Output/Karman_Vortex_2D/k8_H200_fixlr/checkpoints/latest.pt
  Saved: /scratch/bgxp/ezhou1/factor_diffusion_proj/Experiments_Output/Karman_Vortex_2D/k8_H200_fixlr/checkpoints/latest.pt
  Saved: /scratch/bgxp/ezhou1/factor_diffusion_proj/Experiments_Output/Karman_Vortex_2D/k8_H200_fixlr/checkpoints/latest.pt
  Saved: /scratch/bgxp/ezhou1/factor_diffusion_proj/Experiments_Output/Karman_Vortex_2D/k8_H200_fixlr/checkpoints/latest.pt
  Saved: /scratch/bgxp/ezhou1/factor_diffusion_proj/Experiments_Output/Karman_Vortex_2D/k8_H200_fixlr/checkpoints/latest.pt
  Saved: /scratch/bgxp/ezhou1/factor_diffusion_proj/Experiments_Output/Karman_Vortex_2D/k8_H200_fixlr/checkpoints/latest.pt
  Saved: /scratch/bgxp/ezhou1/factor_diffusion_proj/Experiments_Output/Karman_Vortex_2D/k8_H200_fixlr/checkpoints/latest.pt
  Saved: /scratch/bgxp/ezhou1/factor_diffusion_proj/Experiments_Output/Karman_Vortex_2D/k8_H200_fixlr/checkpoints/latest.pt
  Saved: /scratch/bgxp/ezhou1/factor_diffusion_proj/Experiments_Output/Karman_Vortex_2D/k8_H200_fixlr/checkpoints/latest.pt
  Saved: /scratch/bgxp/ezhou1/factor_diffusion_proj/Experiments_Output/Karman_Vortex_2D/k8_H200_fixlr/checkpoints/latest.pt
  Saved: /scratch/bgxp/ezhou1/factor_diffusion_proj/Experiments_Output/Karman_Vortex_2D/k8_H200_fixlr/checkpoints/latest.pt
  Saved: /scratch/bgxp/ezhou1/factor_diffusion_proj/Experiments_Output/Karman_Vortex_2D/k8_H200_fixlr/checkpoints/latest.pt
  Saved: /scratch/bgxp/ezhou1/factor_diffusion_proj/Experiments_Output/Karman_Vortex_2D/k8_H200_fixlr/checkpoints/latest.pt
  Saved: /scratch/bgxp/ezhou1/factor_diffusion_proj/Experiments_Output/Karman_Vortex_2D/k8_H200_fixlr/checkpoints/latest.pt
  Saved: /scratch/bgxp/ezhou1/factor_diffusion_proj/Experiments_Output/Karman_Vortex_2D/k8_H200_fixlr/checkpoints/latest.pt
  Saved: /scratch/bgxp/ezhou1/factor_diffusion_proj/Experiments_Output/Karman_Vortex_2D/k8_H200_fixlr/checkpoints/latest.pt
  Saved: /scratch/bgxp/ezhou1/factor_diffusion_proj/Experiments_Output/Karman_Vortex_2D/k8_H200_fixlr/checkpoints/latest.pt
  Saved: /scratch/bgxp/ezhou1/factor_diffusion_proj/Experiments_Output/Karman_Vortex_2D/k8_H200_fixlr/checkpoints/latest.pt
  Saved: /scratch/bgxp/ezhou1/factor_diffusion_proj/Experiments_Output/Karman_Vortex_2D/k8_H200_fixlr/checkpoints/latest.pt
  Saved: /scratch/bgxp/ezhou1/factor_diffusion_proj/Experiments_Output/Karman_Vortex_2D/k8_H200_fixlr/checkpoints/latest.pt
  Saved: /scratch/bgxp/ezhou1/factor_diffusion_proj/Experiments_Output/Karman_Vortex_2D/k8_H200_fixlr/checkpoints/latest.pt
  Saved: /scratch/bgxp/ezhou1/factor_diffusion_proj/Experiments_Output/Karman_Vortex_2D/k8_H200_fixlr/checkpoints/latest.pt
  Saved: /scratch/bgxp/ezhou1/factor_diffusion_proj/Experiments_Output/Karman_Vortex_2D/k8_H200_fixlr/checkpoints/latest.pt
  Saved: /scratch/bgxp/ezhou1/factor_diffusion_proj/Experiments_Output/Karman_Vortex_2D/k8_H200_fixlr/checkpoints/latest.pt
  Saved: /scratch/bgxp/ezhou1/factor_diffusion_proj/Experiments_Output/Karman_Vortex_2D/k8_H200_fixlr/checkpoints/latest.pt
  Saved: /scratch/bgxp/ezhou1/factor_diffusion_proj/Experiments_Output/Karman_Vortex_2D/k8_H200_fixlr/checkpoints/latest.pt
  Saved: /scratch/bgxp/ezhou1/factor_diffusion_proj/Experiments_Output/Karman_Vortex_2D/k8_H200_fixlr/checkpoints/latest.pt
  Saved: /scratch/bgxp/ezhou1/factor_diffusion_proj/Experiments_Output/Karman_Vortex_2D/k8_H200_fixlr/checkpoints/latest.pt
  Saved: /scratch/bgxp/ezhou1/factor_diffusion_proj/Experiments_Output/Karman_Vortex_2D/k8_H200_fixlr/checkpoints/latest.pt
  Saved: /scratch/bgxp/ezhou1/factor_diffusion_proj/Experiments_Output/Karman_Vortex_2D/k8_H200_fixlr/checkpoints/latest.pt
  Saved: /scratch/bgxp/ezhou1/factor_diffusion_proj/Experiments_Output/Karman_Vortex_2D/k8_H200_fixlr/checkpoints/latest.pt
  Saved: /scratch/bgxp/ezhou1/factor_diffusion_proj/Experiments_Output/Karman_Vortex_2D/k8_H200_fixlr/checkpoints/latest.pt
  Saved: /scratch/bgxp/ezhou1/factor_diffusion_proj/Experiments_Output/Karman_Vortex_2D/k8_H200_fixlr/checkpoints/latest.pt
  Saved: /scratch/bgxp/ezhou1/factor_diffusion_proj/Experiments_Output/Karman_Vortex_2D/k8_H200_fixlr/checkpoints/latest.pt
  Saved: /scratch/bgxp/ezhou1/factor_diffusion_proj/Experiments_Output/Karman_Vortex_2D/k8_H200_fixlr/checkpoints/epoch_0150.pt
  Saved: /scratch/bgxp/ezhou1/factor_diffusion_proj/Experiments_Output/Karman_Vortex_2D/k8_H200_fixlr/checkpoints/latest.pt
  Saved: /scratch/bgxp/ezhou1/factor_diffusion_proj/Experiments_Output/Karman_Vortex_2D/k8_H200_fixlr/checkpoints/latest.pt
  Saved: /scratch/bgxp/ezhou1/factor_diffusion_proj/Experiments_Output/Karman_Vortex_2D/k8_H200_fixlr/checkpoints/latest.pt
  Saved: /scratch/bgxp/ezhou1/factor_diffusion_proj/Experiments_Output/Karman_Vortex_2D/k8_H200_fixlr/checkpoints/latest.pt
  Saved: /scratch/bgxp/ezhou1/factor_diffusion_proj/Experiments_Output/Karman_Vortex_2D/k8_H200_fixlr/checkpoints/latest.pt
  Saved: /scratch/bgxp/ezhou1/factor_diffusion_proj/Experiments_Output/Karman_Vortex_2D/k8_H200_fixlr/checkpoints/latest.pt
  Saved: /scratch/bgxp/ezhou1/factor_diffusion_proj/Experiments_Output/Karman_Vortex_2D/k8_H200_fixlr/checkpoints/latest.pt
  Saved: /scratch/bgxp/ezhou1/factor_diffusion_proj/Experiments_Output/Karman_Vortex_2D/k8_H200_fixlr/checkpoints/latest.pt
  Saved: /scratch/bgxp/ezhou1/factor_diffusion_proj/Experiments_Output/Karman_Vortex_2D/k8_H200_fixlr/checkpoints/latest.pt
  Saved: /scratch/bgxp/ezhou1/factor_diffusion_proj/Experiments_Output/Karman_Vortex_2D/k8_H200_fixlr/checkpoints/latest.pt
  Saved: /scratch/bgxp/ezhou1/factor_diffusion_proj/Experiments_Output/Karman_Vortex_2D/k8_H200_fixlr/checkpoints/latest.pt
  Saved: /scratch/bgxp/ezhou1/factor_diffusion_proj/Experiments_Output/Karman_Vortex_2D/k8_H200_fixlr/checkpoints/latest.pt
  Saved: /scratch/bgxp/ezhou1/factor_diffusion_proj/Experiments_Output/Karman_Vortex_2D/k8_H200_fixlr/checkpoints/latest.pt
  Saved: /scratch/bgxp/ezhou1/factor_diffusion_proj/Experiments_Output/Karman_Vortex_2D/k8_H200_fixlr/checkpoints/latest.pt
  Saved: /scratch/bgxp/ezhou1/factor_diffusion_proj/Experiments_Output/Karman_Vortex_2D/k8_H200_fixlr/checkpoints/latest.pt
  Saved: /scratch/bgxp/ezhou1/factor_diffusion_proj/Experiments_Output/Karman_Vortex_2D/k8_H200_fixlr/checkpoints/latest.pt
  Saved: /scratch/bgxp/ezhou1/factor_diffusion_proj/Experiments_Output/Karman_Vortex_2D/k8_H200_fixlr/checkpoints/latest.pt
  Saved: /scratch/bgxp/ezhou1/factor_diffusion_proj/Experiments_Output/Karman_Vortex_2D/k8_H200_fixlr/checkpoints/latest.pt
  Saved: /scratch/bgxp/ezhou1/factor_diffusion_proj/Experiments_Output/Karman_Vortex_2D/k8_H200_fixlr/checkpoints/latest.pt
  Saved: /scratch/bgxp/ezhou1/factor_diffusion_proj/Experiments_Output/Karman_Vortex_2D/k8_H200_fixlr/checkpoints/latest.pt
  Saved: /scratch/bgxp/ezhou1/factor_diffusion_proj/Experiments_Output/Karman_Vortex_2D/k8_H200_fixlr/checkpoints/latest.pt
  Saved: /scratch/bgxp/ezhou1/factor_diffusion_proj/Experiments_Output/Karman_Vortex_2D/k8_H200_fixlr/checkpoints/latest.pt
  Saved: /scratch/bgxp/ezhou1/factor_diffusion_proj/Experiments_Output/Karman_Vortex_2D/k8_H200_fixlr/checkpoints/latest.pt
  Saved: /scratch/bgxp/ezhou1/factor_diffusion_proj/Experiments_Output/Karman_Vortex_2D/k8_H200_fixlr/checkpoints/latest.pt
  Saved: /scratch/bgxp/ezhou1/factor_diffusion_proj/Experiments_Output/Karman_Vortex_2D/k8_H200_fixlr/checkpoints/latest.pt
  Saved: /scratch/bgxp/ezhou1/factor_diffusion_proj/Experiments_Output/Karman_Vortex_2D/k8_H200_fixlr/checkpoints/latest.pt
  Saved: /scratch/bgxp/ezhou1/factor_diffusion_proj/Experiments_Output/Karman_Vortex_2D/k8_H200_fixlr/checkpoints/latest.pt
  Saved: /scratch/bgxp/ezhou1/factor_diffusion_proj/Experiments_Output/Karman_Vortex_2D/k8_H200_fixlr/checkpoints/latest.pt
  Saved: /scratch/bgxp/ezhou1/factor_diffusion_proj/Experiments_Output/Karman_Vortex_2D/k8_H200_fixlr/checkpoints/latest.pt
  Saved: /scratch/bgxp/ezhou1/factor_diffusion_proj/Experiments_Output/Karman_Vortex_2D/k8_H200_fixlr/checkpoints/latest.pt
  Saved: /scratch/bgxp/ezhou1/factor_diffusion_proj/Experiments_Output/Karman_Vortex_2D/k8_H200_fixlr/checkpoints/latest.pt
  Saved: /scratch/bgxp/ezhou1/factor_diffusion_proj/Experiments_Output/Karman_Vortex_2D/k8_H200_fixlr/checkpoints/latest.pt
  Saved: /scratch/bgxp/ezhou1/factor_diffusion_proj/Experiments_Output/Karman_Vortex_2D/k8_H200_fixlr/checkpoints/latest.pt
  Saved: /scratch/bgxp/ezhou1/factor_diffusion_proj/Experiments_Output/Karman_Vortex_2D/k8_H200_fixlr/checkpoints/latest.pt
  Saved: /scratch/bgxp/ezhou1/factor_diffusion_proj/Experiments_Output/Karman_Vortex_2D/k8_H200_fixlr/checkpoints/latest.pt
  Saved: /scratch/bgxp/ezhou1/factor_diffusion_proj/Experiments_Output/Karman_Vortex_2D/k8_H200_fixlr/checkpoints/latest.pt
  Saved: /scratch/bgxp/ezhou1/factor_diffusion_proj/Experiments_Output/Karman_Vortex_2D/k8_H200_fixlr/checkpoints/latest.pt
  Saved: /scratch/bgxp/ezhou1/factor_diffusion_proj/Experiments_Output/Karman_Vortex_2D/k8_H200_fixlr/checkpoints/latest.pt
  Saved: /scratch/bgxp/ezhou1/factor_diffusion_proj/Experiments_Output/Karman_Vortex_2D/k8_H200_fixlr/checkpoints/latest.pt
  Saved: /scratch/bgxp/ezhou1/factor_diffusion_proj/Experiments_Output/Karman_Vortex_2D/k8_H200_fixlr/checkpoints/latest.pt
  Saved: /scratch/bgxp/ezhou1/factor_diffusion_proj/Experiments_Output/Karman_Vortex_2D/k8_H200_fixlr/checkpoints/latest.pt
  Saved: /scratch/bgxp/ezhou1/factor_diffusion_proj/Experiments_Output/Karman_Vortex_2D/k8_H200_fixlr/checkpoints/latest.pt
  Saved: /scratch/bgxp/ezhou1/factor_diffusion_proj/Experiments_Output/Karman_Vortex_2D/k8_H200_fixlr/checkpoints/latest.pt
  Saved: /scratch/bgxp/ezhou1/factor_diffusion_proj/Experiments_Output/Karman_Vortex_2D/k8_H200_fixlr/checkpoints/latest.pt
  Saved: /scratch/bgxp/ezhou1/factor_diffusion_proj/Experiments_Output/Karman_Vortex_2D/k8_H200_fixlr/checkpoints/latest.pt
  Saved: /scratch/bgxp/ezhou1/factor_diffusion_proj/Experiments_Output/Karman_Vortex_2D/k8_H200_fixlr/checkpoints/latest.pt
  Saved: /scratch/bgxp/ezhou1/factor_diffusion_proj/Experiments_Output/Karman_Vortex_2D/k8_H200_fixlr/checkpoints/latest.pt
  Saved: /scratch/bgxp/ezhou1/factor_diffusion_proj/Experiments_Output/Karman_Vortex_2D/k8_H200_fixlr/checkpoints/latest.pt
  Saved: /scratch/bgxp/ezhou1/factor_diffusion_proj/Experiments_Output/Karman_Vortex_2D/k8_H200_fixlr/checkpoints/latest.pt
  Saved: /scratch/bgxp/ezhou1/factor_diffusion_proj/Experiments_Output/Karman_Vortex_2D/k8_H200_fixlr/checkpoints/latest.pt
  Saved: /scratch/bgxp/ezhou1/factor_diffusion_proj/Experiments_Output/Karman_Vortex_2D/k8_H200_fixlr/checkpoints/epoch_0200.pt
  Saved: /scratch/bgxp/ezhou1/factor_diffusion_proj/Experiments_Output/Karman_Vortex_2D/k8_H200_fixlr/checkpoints/latest.pt
  Saved: /scratch/bgxp/ezhou1/factor_diffusion_proj/Experiments_Output/Karman_Vortex_2D/k8_H200_fixlr/checkpoints/latest.pt
  Saved: /scratch/bgxp/ezhou1/factor_diffusion_proj/Experiments_Output/Karman_Vortex_2D/k8_H200_fixlr/checkpoints/latest.pt
  Saved: /scratch/bgxp/ezhou1/factor_diffusion_proj/Experiments_Output/Karman_Vortex_2D/k8_H200_fixlr/checkpoints/latest.pt
  Saved: /scratch/bgxp/ezhou1/factor_diffusion_proj/Experiments_Output/Karman_Vortex_2D/k8_H200_fixlr/checkpoints/latest.pt
  Saved: /scratch/bgxp/ezhou1/factor_diffusion_proj/Experiments_Output/Karman_Vortex_2D/k8_H200_fixlr/checkpoints/latest.pt
  Saved: /scratch/bgxp/ezhou1/factor_diffusion_proj/Experiments_Output/Karman_Vortex_2D/k8_H200_fixlr/checkpoints/latest.pt
  Saved: /scratch/bgxp/ezhou1/factor_diffusion_proj/Experiments_Output/Karman_Vortex_2D/k8_H200_fixlr/checkpoints/latest.pt
  Saved: /scratch/bgxp/ezhou1/factor_diffusion_proj/Experiments_Output/Karman_Vortex_2D/k8_H200_fixlr/checkpoints/latest.pt
  Saved: /scratch/bgxp/ezhou1/factor_diffusion_proj/Experiments_Output/Karman_Vortex_2D/k8_H200_fixlr/checkpoints/latest.pt
  Saved: /scratch/bgxp/ezhou1/factor_diffusion_proj/Experiments_Output/Karman_Vortex_2D/k8_H200_fixlr/checkpoints/latest.pt
  Saved: /scratch/bgxp/ezhou1/factor_diffusion_proj/Experiments_Output/Karman_Vortex_2D/k8_H200_fixlr/checkpoints/latest.pt
  Saved: /scratch/bgxp/ezhou1/factor_diffusion_proj/Experiments_Output/Karman_Vortex_2D/k8_H200_fixlr/checkpoints/latest.pt
  Saved: /scratch/bgxp/ezhou1/factor_diffusion_proj/Experiments_Output/Karman_Vortex_2D/k8_H200_fixlr/checkpoints/latest.pt
  Saved: /scratch/bgxp/ezhou1/factor_diffusion_proj/Experiments_Output/Karman_Vortex_2D/k8_H200_fixlr/checkpoints/latest.pt
  Saved: /scratch/bgxp/ezhou1/factor_diffusion_proj/Experiments_Output/Karman_Vortex_2D/k8_H200_fixlr/checkpoints/latest.pt
  Saved: /scratch/bgxp/ezhou1/factor_diffusion_proj/Experiments_Output/Karman_Vortex_2D/k8_H200_fixlr/checkpoints/latest.pt
  Saved: /scratch/bgxp/ezhou1/factor_diffusion_proj/Experiments_Output/Karman_Vortex_2D/k8_H200_fixlr/checkpoints/latest.pt
  Saved: /scratch/bgxp/ezhou1/factor_diffusion_proj/Experiments_Output/Karman_Vortex_2D/k8_H200_fixlr/checkpoints/latest.pt
  Saved: /scratch/bgxp/ezhou1/factor_diffusion_proj/Experiments_Output/Karman_Vortex_2D/k8_H200_fixlr/checkpoints/latest.pt
  Saved: /scratch/bgxp/ezhou1/factor_diffusion_proj/Experiments_Output/Karman_Vortex_2D/k8_H200_fixlr/checkpoints/latest.pt
  Saved: /scratch/bgxp/ezhou1/factor_diffusion_proj/Experiments_Output/Karman_Vortex_2D/k8_H200_fixlr/checkpoints/latest.pt
  Saved: /scratch/bgxp/ezhou1/factor_diffusion_proj/Experiments_Output/Karman_Vortex_2D/k8_H200_fixlr/checkpoints/latest.pt
  Saved: /scratch/bgxp/ezhou1/factor_diffusion_proj/Experiments_Output/Karman_Vortex_2D/k8_H200_fixlr/checkpoints/latest.pt
  Saved: /scratch/bgxp/ezhou1/factor_diffusion_proj/Experiments_Output/Karman_Vortex_2D/k8_H200_fixlr/checkpoints/latest.pt
  Saved: /scratch/bgxp/ezhou1/factor_diffusion_proj/Experiments_Output/Karman_Vortex_2D/k8_H200_fixlr/checkpoints/latest.pt
  Saved: /scratch/bgxp/ezhou1/factor_diffusion_proj/Experiments_Output/Karman_Vortex_2D/k8_H200_fixlr/checkpoints/latest.pt
  Saved: /scratch/bgxp/ezhou1/factor_diffusion_proj/Experiments_Output/Karman_Vortex_2D/k8_H200_fixlr/checkpoints/latest.pt
  Saved: /scratch/bgxp/ezhou1/factor_diffusion_proj/Experiments_Output/Karman_Vortex_2D/k8_H200_fixlr/checkpoints/latest.pt
  Saved: /scratch/bgxp/ezhou1/factor_diffusion_proj/Experiments_Output/Karman_Vortex_2D/k8_H200_fixlr/checkpoints/latest.pt
  Saved: /scratch/bgxp/ezhou1/factor_diffusion_proj/Experiments_Output/Karman_Vortex_2D/k8_H200_fixlr/checkpoints/latest.pt
  Saved: /scratch/bgxp/ezhou1/factor_diffusion_proj/Experiments_Output/Karman_Vortex_2D/k8_H200_fixlr/checkpoints/latest.pt
  Saved: /scratch/bgxp/ezhou1/factor_diffusion_proj/Experiments_Output/Karman_Vortex_2D/k8_H200_fixlr/checkpoints/latest.pt
  Saved: /scratch/bgxp/ezhou1/factor_diffusion_proj/Experiments_Output/Karman_Vortex_2D/k8_H200_fixlr/checkpoints/latest.pt
  Saved: /scratch/bgxp/ezhou1/factor_diffusion_proj/Experiments_Output/Karman_Vortex_2D/k8_H200_fixlr/checkpoints/latest.pt
  Saved: /scratch/bgxp/ezhou1/factor_diffusion_proj/Experiments_Output/Karman_Vortex_2D/k8_H200_fixlr/checkpoints/latest.pt
  Saved: /scratch/bgxp/ezhou1/factor_diffusion_proj/Experiments_Output/Karman_Vortex_2D/k8_H200_fixlr/checkpoints/latest.pt
  Saved: /scratch/bgxp/ezhou1/factor_diffusion_proj/Experiments_Output/Karman_Vortex_2D/k8_H200_fixlr/checkpoints/latest.pt
  Saved: /scratch/bgxp/ezhou1/factor_diffusion_proj/Experiments_Output/Karman_Vortex_2D/k8_H200_fixlr/checkpoints/latest.pt
  Saved: /scratch/bgxp/ezhou1/factor_diffusion_proj/Experiments_Output/Karman_Vortex_2D/k8_H200_fixlr/checkpoints/latest.pt
  Saved: /scratch/bgxp/ezhou1/factor_diffusion_proj/Experiments_Output/Karman_Vortex_2D/k8_H200_fixlr/checkpoints/latest.pt
  Saved: /scratch/bgxp/ezhou1/factor_diffusion_proj/Experiments_Output/Karman_Vortex_2D/k8_H200_fixlr/checkpoints/latest.pt
  Saved: /scratch/bgxp/ezhou1/factor_diffusion_proj/Experiments_Output/Karman_Vortex_2D/k8_H200_fixlr/checkpoints/latest.pt
  Saved: /scratch/bgxp/ezhou1/factor_diffusion_proj/Experiments_Output/Karman_Vortex_2D/k8_H200_fixlr/checkpoints/latest.pt
  Saved: /scratch/bgxp/ezhou1/factor_diffusion_proj/Experiments_Output/Karman_Vortex_2D/k8_H200_fixlr/checkpoints/latest.pt
  Saved: /scratch/bgxp/ezhou1/factor_diffusion_proj/Experiments_Output/Karman_Vortex_2D/k8_H200_fixlr/checkpoints/latest.pt
  Saved: /scratch/bgxp/ezhou1/factor_diffusion_proj/Experiments_Output/Karman_Vortex_2D/k8_H200_fixlr/checkpoints/latest.pt
  Saved: /scratch/bgxp/ezhou1/factor_diffusion_proj/Experiments_Output/Karman_Vortex_2D/k8_H200_fixlr/checkpoints/latest.pt
  Saved: /scratch/bgxp/ezhou1/factor_diffusion_proj/Experiments_Output/Karman_Vortex_2D/k8_H200_fixlr/checkpoints/latest.pt
  Saved: /scratch/bgxp/ezhou1/factor_diffusion_proj/Experiments_Output/Karman_Vortex_2D/k8_H200_fixlr/checkpoints/latest.pt
  Saved: /scratch/bgxp/ezhou1/factor_diffusion_proj/Experiments_Output/Karman_Vortex_2D/k8_H200_fixlr/checkpoints/epoch_0250.pt
  Saved: /scratch/bgxp/ezhou1/factor_diffusion_proj/Experiments_Output/Karman_Vortex_2D/k8_H200_fixlr/checkpoints/latest.pt
  Saved: /scratch/bgxp/ezhou1/factor_diffusion_proj/Experiments_Output/Karman_Vortex_2D/k8_H200_fixlr/checkpoints/latest.pt
  Saved: /scratch/bgxp/ezhou1/factor_diffusion_proj/Experiments_Output/Karman_Vortex_2D/k8_H200_fixlr/checkpoints/latest.pt
  Saved: /scratch/bgxp/ezhou1/factor_diffusion_proj/Experiments_Output/Karman_Vortex_2D/k8_H200_fixlr/checkpoints/latest.pt
  Saved: /scratch/bgxp/ezhou1/factor_diffusion_proj/Experiments_Output/Karman_Vortex_2D/k8_H200_fixlr/checkpoints/latest.pt
  Saved: /scratch/bgxp/ezhou1/factor_diffusion_proj/Experiments_Output/Karman_Vortex_2D/k8_H200_fixlr/checkpoints/latest.pt
  Saved: /scratch/bgxp/ezhou1/factor_diffusion_proj/Experiments_Output/Karman_Vortex_2D/k8_H200_fixlr/checkpoints/latest.pt
  Saved: /scratch/bgxp/ezhou1/factor_diffusion_proj/Experiments_Output/Karman_Vortex_2D/k8_H200_fixlr/checkpoints/latest.pt
  Saved: /scratch/bgxp/ezhou1/factor_diffusion_proj/Experiments_Output/Karman_Vortex_2D/k8_H200_fixlr/checkpoints/latest.pt
  Saved: /scratch/bgxp/ezhou1/factor_diffusion_proj/Experiments_Output/Karman_Vortex_2D/k8_H200_fixlr/checkpoints/latest.pt
  Saved: /scratch/bgxp/ezhou1/factor_diffusion_proj/Experiments_Output/Karman_Vortex_2D/k8_H200_fixlr/checkpoints/latest.pt
  Saved: /scratch/bgxp/ezhou1/factor_diffusion_proj/Experiments_Output/Karman_Vortex_2D/k8_H200_fixlr/checkpoints/latest.pt
  Saved: /scratch/bgxp/ezhou1/factor_diffusion_proj/Experiments_Output/Karman_Vortex_2D/k8_H200_fixlr/checkpoints/latest.pt
  Saved: /scratch/bgxp/ezhou1/factor_diffusion_proj/Experiments_Output/Karman_Vortex_2D/k8_H200_fixlr/checkpoints/latest.pt
  Saved: /scratch/bgxp/ezhou1/factor_diffusion_proj/Experiments_Output/Karman_Vortex_2D/k8_H200_fixlr/checkpoints/latest.pt
  Saved: /scratch/bgxp/ezhou1/factor_diffusion_proj/Experiments_Output/Karman_Vortex_2D/k8_H200_fixlr/checkpoints/latest.pt
  Saved: /scratch/bgxp/ezhou1/factor_diffusion_proj/Experiments_Output/Karman_Vortex_2D/k8_H200_fixlr/checkpoints/latest.pt
  Saved: /scratch/bgxp/ezhou1/factor_diffusion_proj/Experiments_Output/Karman_Vortex_2D/k8_H200_fixlr/checkpoints/latest.pt
  Saved: /scratch/bgxp/ezhou1/factor_diffusion_proj/Experiments_Output/Karman_Vortex_2D/k8_H200_fixlr/checkpoints/latest.pt
  Saved: /scratch/bgxp/ezhou1/factor_diffusion_proj/Experiments_Output/Karman_Vortex_2D/k8_H200_fixlr/checkpoints/latest.pt
  Saved: /scratch/bgxp/ezhou1/factor_diffusion_proj/Experiments_Output/Karman_Vortex_2D/k8_H200_fixlr/checkpoints/latest.pt
  Saved: /scratch/bgxp/ezhou1/factor_diffusion_proj/Experiments_Output/Karman_Vortex_2D/k8_H200_fixlr/checkpoints/latest.pt
  Saved: /scratch/bgxp/ezhou1/factor_diffusion_proj/Experiments_Output/Karman_Vortex_2D/k8_H200_fixlr/checkpoints/latest.pt
  Saved: /scratch/bgxp/ezhou1/factor_diffusion_proj/Experiments_Output/Karman_Vortex_2D/k8_H200_fixlr/checkpoints/latest.pt
  Saved: /scratch/bgxp/ezhou1/factor_diffusion_proj/Experiments_Output/Karman_Vortex_2D/k8_H200_fixlr/checkpoints/latest.pt
  Saved: /scratch/bgxp/ezhou1/factor_diffusion_proj/Experiments_Output/Karman_Vortex_2D/k8_H200_fixlr/checkpoints/latest.pt
  Saved: /scratch/bgxp/ezhou1/factor_diffusion_proj/Experiments_Output/Karman_Vortex_2D/k8_H200_fixlr/checkpoints/latest.pt
  Saved: /scratch/bgxp/ezhou1/factor_diffusion_proj/Experiments_Output/Karman_Vortex_2D/k8_H200_fixlr/checkpoints/latest.pt
  Saved: /scratch/bgxp/ezhou1/factor_diffusion_proj/Experiments_Output/Karman_Vortex_2D/k8_H200_fixlr/checkpoints/latest.pt
  Saved: /scratch/bgxp/ezhou1/factor_diffusion_proj/Experiments_Output/Karman_Vortex_2D/k8_H200_fixlr/checkpoints/latest.pt
  Saved: /scratch/bgxp/ezhou1/factor_diffusion_proj/Experiments_Output/Karman_Vortex_2D/k8_H200_fixlr/checkpoints/latest.pt
  Saved: /scratch/bgxp/ezhou1/factor_diffusion_proj/Experiments_Output/Karman_Vortex_2D/k8_H200_fixlr/checkpoints/latest.pt
  Saved: /scratch/bgxp/ezhou1/factor_diffusion_proj/Experiments_Output/Karman_Vortex_2D/k8_H200_fixlr/checkpoints/latest.pt
  Saved: /scratch/bgxp/ezhou1/factor_diffusion_proj/Experiments_Output/Karman_Vortex_2D/k8_H200_fixlr/checkpoints/latest.pt
  Saved: /scratch/bgxp/ezhou1/factor_diffusion_proj/Experiments_Output/Karman_Vortex_2D/k8_H200_fixlr/checkpoints/latest.pt
  Saved: /scratch/bgxp/ezhou1/factor_diffusion_proj/Experiments_Output/Karman_Vortex_2D/k8_H200_fixlr/checkpoints/latest.pt
  Saved: /scratch/bgxp/ezhou1/factor_diffusion_proj/Experiments_Output/Karman_Vortex_2D/k8_H200_fixlr/checkpoints/latest.pt
  Saved: /scratch/bgxp/ezhou1/factor_diffusion_proj/Experiments_Output/Karman_Vortex_2D/k8_H200_fixlr/checkpoints/latest.pt
  Saved: /scratch/bgxp/ezhou1/factor_diffusion_proj/Experiments_Output/Karman_Vortex_2D/k8_H200_fixlr/checkpoints/latest.pt
  Saved: /scratch/bgxp/ezhou1/factor_diffusion_proj/Experiments_Output/Karman_Vortex_2D/k8_H200_fixlr/checkpoints/latest.pt
  Saved: /scratch/bgxp/ezhou1/factor_diffusion_proj/Experiments_Output/Karman_Vortex_2D/k8_H200_fixlr/checkpoints/latest.pt
  Saved: /scratch/bgxp/ezhou1/factor_diffusion_proj/Experiments_Output/Karman_Vortex_2D/k8_H200_fixlr/checkpoints/latest.pt
  Saved: /scratch/bgxp/ezhou1/factor_diffusion_proj/Experiments_Output/Karman_Vortex_2D/k8_H200_fixlr/checkpoints/latest.pt
  Saved: /scratch/bgxp/ezhou1/factor_diffusion_proj/Experiments_Output/Karman_Vortex_2D/k8_H200_fixlr/checkpoints/latest.pt
  Saved: /scratch/bgxp/ezhou1/factor_diffusion_proj/Experiments_Output/Karman_Vortex_2D/k8_H200_fixlr/checkpoints/latest.pt
  Saved: /scratch/bgxp/ezhou1/factor_diffusion_proj/Experiments_Output/Karman_Vortex_2D/k8_H200_fixlr/checkpoints/latest.pt
  Saved: /scratch/bgxp/ezhou1/factor_diffusion_proj/Experiments_Output/Karman_Vortex_2D/k8_H200_fixlr/checkpoints/latest.pt
  Saved: /scratch/bgxp/ezhou1/factor_diffusion_proj/Experiments_Output/Karman_Vortex_2D/k8_H200_fixlr/checkpoints/latest.pt
  Saved: /scratch/bgxp/ezhou1/factor_diffusion_proj/Experiments_Output/Karman_Vortex_2D/k8_H200_fixlr/checkpoints/latest.pt
  Saved: /scratch/bgxp/ezhou1/factor_diffusion_proj/Experiments_Output/Karman_Vortex_2D/k8_H200_fixlr/checkpoints/latest.pt
  Saved: /scratch/bgxp/ezhou1/factor_diffusion_proj/Experiments_Output/Karman_Vortex_2D/k8_H200_fixlr/checkpoints/epoch_0300.pt
  Saved: /scratch/bgxp/ezhou1/factor_diffusion_proj/Experiments_Output/Karman_Vortex_2D/k8_H200_fixlr/checkpoints/latest.pt
  Saved: /scratch/bgxp/ezhou1/factor_diffusion_proj/Experiments_Output/Karman_Vortex_2D/k8_H200_fixlr/checkpoints/latest.pt
  Saved: /scratch/bgxp/ezhou1/factor_diffusion_proj/Experiments_Output/Karman_Vortex_2D/k8_H200_fixlr/checkpoints/latest.pt
  Saved: /scratch/bgxp/ezhou1/factor_diffusion_proj/Experiments_Output/Karman_Vortex_2D/k8_H200_fixlr/checkpoints/latest.pt
  Saved: /scratch/bgxp/ezhou1/factor_diffusion_proj/Experiments_Output/Karman_Vortex_2D/k8_H200_fixlr/checkpoints/latest.pt
  Saved: /scratch/bgxp/ezhou1/factor_diffusion_proj/Experiments_Output/Karman_Vortex_2D/k8_H200_fixlr/checkpoints/latest.pt
  Saved: /scratch/bgxp/ezhou1/factor_diffusion_proj/Experiments_Output/Karman_Vortex_2D/k8_H200_fixlr/checkpoints/latest.pt
  Saved: /scratch/bgxp/ezhou1/factor_diffusion_proj/Experiments_Output/Karman_Vortex_2D/k8_H200_fixlr/checkpoints/latest.pt
  Saved: /scratch/bgxp/ezhou1/factor_diffusion_proj/Experiments_Output/Karman_Vortex_2D/k8_H200_fixlr/checkpoints/latest.pt
  Saved: /scratch/bgxp/ezhou1/factor_diffusion_proj/Experiments_Output/Karman_Vortex_2D/k8_H200_fixlr/checkpoints/latest.pt
  Saved: /scratch/bgxp/ezhou1/factor_diffusion_proj/Experiments_Output/Karman_Vortex_2D/k8_H200_fixlr/checkpoints/latest.pt
  Saved: /scratch/bgxp/ezhou1/factor_diffusion_proj/Experiments_Output/Karman_Vortex_2D/k8_H200_fixlr/checkpoints/latest.pt
  Saved: /scratch/bgxp/ezhou1/factor_diffusion_proj/Experiments_Output/Karman_Vortex_2D/k8_H200_fixlr/checkpoints/latest.pt
  Saved: /scratch/bgxp/ezhou1/factor_diffusion_proj/Experiments_Output/Karman_Vortex_2D/k8_H200_fixlr/checkpoints/latest.pt
  Saved: /scratch/bgxp/ezhou1/factor_diffusion_proj/Experiments_Output/Karman_Vortex_2D/k8_H200_fixlr/checkpoints/latest.pt
  Saved: /scratch/bgxp/ezhou1/factor_diffusion_proj/Experiments_Output/Karman_Vortex_2D/k8_H200_fixlr/checkpoints/latest.pt
  Saved: /scratch/bgxp/ezhou1/factor_diffusion_proj/Experiments_Output/Karman_Vortex_2D/k8_H200_fixlr/checkpoints/latest.pt
  Saved: /scratch/bgxp/ezhou1/factor_diffusion_proj/Experiments_Output/Karman_Vortex_2D/k8_H200_fixlr/checkpoints/latest.pt
  Saved: /scratch/bgxp/ezhou1/factor_diffusion_proj/Experiments_Output/Karman_Vortex_2D/k8_H200_fixlr/checkpoints/latest.pt
  Saved: /scratch/bgxp/ezhou1/factor_diffusion_proj/Experiments_Output/Karman_Vortex_2D/k8_H200_fixlr/checkpoints/latest.pt
  Saved: /scratch/bgxp/ezhou1/factor_diffusion_proj/Experiments_Output/Karman_Vortex_2D/k8_H200_fixlr/checkpoints/latest.pt
  Saved: /scratch/bgxp/ezhou1/factor_diffusion_proj/Experiments_Output/Karman_Vortex_2D/k8_H200_fixlr/checkpoints/latest.pt
  Saved: /scratch/bgxp/ezhou1/factor_diffusion_proj/Experiments_Output/Karman_Vortex_2D/k8_H200_fixlr/checkpoints/latest.pt
  Saved: /scratch/bgxp/ezhou1/factor_diffusion_proj/Experiments_Output/Karman_Vortex_2D/k8_H200_fixlr/checkpoints/latest.pt
  Saved: /scratch/bgxp/ezhou1/factor_diffusion_proj/Experiments_Output/Karman_Vortex_2D/k8_H200_fixlr/checkpoints/latest.pt
  Saved: /scratch/bgxp/ezhou1/factor_diffusion_proj/Experiments_Output/Karman_Vortex_2D/k8_H200_fixlr/checkpoints/latest.pt
  Saved: /scratch/bgxp/ezhou1/factor_diffusion_proj/Experiments_Output/Karman_Vortex_2D/k8_H200_fixlr/checkpoints/latest.pt
  Saved: /scratch/bgxp/ezhou1/factor_diffusion_proj/Experiments_Output/Karman_Vortex_2D/k8_H200_fixlr/checkpoints/latest.pt
  Saved: /scratch/bgxp/ezhou1/factor_diffusion_proj/Experiments_Output/Karman_Vortex_2D/k8_H200_fixlr/checkpoints/latest.pt
  Saved: /scratch/bgxp/ezhou1/factor_diffusion_proj/Experiments_Output/Karman_Vortex_2D/k8_H200_fixlr/checkpoints/latest.pt
  Saved: /scratch/bgxp/ezhou1/factor_diffusion_proj/Experiments_Output/Karman_Vortex_2D/k8_H200_fixlr/checkpoints/latest.pt
  Saved: /scratch/bgxp/ezhou1/factor_diffusion_proj/Experiments_Output/Karman_Vortex_2D/k8_H200_fixlr/checkpoints/latest.pt
  Saved: /scratch/bgxp/ezhou1/factor_diffusion_proj/Experiments_Output/Karman_Vortex_2D/k8_H200_fixlr/checkpoints/latest.pt
  Saved: /scratch/bgxp/ezhou1/factor_diffusion_proj/Experiments_Output/Karman_Vortex_2D/k8_H200_fixlr/checkpoints/latest.pt
  Saved: /scratch/bgxp/ezhou1/factor_diffusion_proj/Experiments_Output/Karman_Vortex_2D/k8_H200_fixlr/checkpoints/latest.pt
  Saved: /scratch/bgxp/ezhou1/factor_diffusion_proj/Experiments_Output/Karman_Vortex_2D/k8_H200_fixlr/checkpoints/latest.pt
  Saved: /scratch/bgxp/ezhou1/factor_diffusion_proj/Experiments_Output/Karman_Vortex_2D/k8_H200_fixlr/checkpoints/latest.pt
  Saved: /scratch/bgxp/ezhou1/factor_diffusion_proj/Experiments_Output/Karman_Vortex_2D/k8_H200_fixlr/checkpoints/latest.pt
  Saved: /scratch/bgxp/ezhou1/factor_diffusion_proj/Experiments_Output/Karman_Vortex_2D/k8_H200_fixlr/checkpoints/latest.pt
  Saved: /scratch/bgxp/ezhou1/factor_diffusion_proj/Experiments_Output/Karman_Vortex_2D/k8_H200_fixlr/checkpoints/latest.pt
  Saved: /scratch/bgxp/ezhou1/factor_diffusion_proj/Experiments_Output/Karman_Vortex_2D/k8_H200_fixlr/checkpoints/latest.pt
  Saved: /scratch/bgxp/ezhou1/factor_diffusion_proj/Experiments_Output/Karman_Vortex_2D/k8_H200_fixlr/checkpoints/latest.pt
  Saved: /scratch/bgxp/ezhou1/factor_diffusion_proj/Experiments_Output/Karman_Vortex_2D/k8_H200_fixlr/checkpoints/latest.pt
  Saved: /scratch/bgxp/ezhou1/factor_diffusion_proj/Experiments_Output/Karman_Vortex_2D/k8_H200_fixlr/checkpoints/latest.pt
  Saved: /scratch/bgxp/ezhou1/factor_diffusion_proj/Experiments_Output/Karman_Vortex_2D/k8_H200_fixlr/checkpoints/latest.pt
  Saved: /scratch/bgxp/ezhou1/factor_diffusion_proj/Experiments_Output/Karman_Vortex_2D/k8_H200_fixlr/checkpoints/latest.pt
  Saved: /scratch/bgxp/ezhou1/factor_diffusion_proj/Experiments_Output/Karman_Vortex_2D/k8_H200_fixlr/checkpoints/latest.pt
  Saved: /scratch/bgxp/ezhou1/factor_diffusion_proj/Experiments_Output/Karman_Vortex_2D/k8_H200_fixlr/checkpoints/latest.pt
  Saved: /scratch/bgxp/ezhou1/factor_diffusion_proj/Experiments_Output/Karman_Vortex_2D/k8_H200_fixlr/checkpoints/latest.pt
  Saved: /scratch/bgxp/ezhou1/factor_diffusion_proj/Experiments_Output/Karman_Vortex_2D/k8_H200_fixlr/checkpoints/latest.pt
  Saved: /scratch/bgxp/ezhou1/factor_diffusion_proj/Experiments_Output/Karman_Vortex_2D/k8_H200_fixlr/checkpoints/epoch_0350.pt
  Saved: /scratch/bgxp/ezhou1/factor_diffusion_proj/Experiments_Output/Karman_Vortex_2D/k8_H200_fixlr/checkpoints/latest.pt
  Saved: /scratch/bgxp/ezhou1/factor_diffusion_proj/Experiments_Output/Karman_Vortex_2D/k8_H200_fixlr/checkpoints/latest.pt
  Saved: /scratch/bgxp/ezhou1/factor_diffusion_proj/Experiments_Output/Karman_Vortex_2D/k8_H200_fixlr/checkpoints/latest.pt
  Saved: /scratch/bgxp/ezhou1/factor_diffusion_proj/Experiments_Output/Karman_Vortex_2D/k8_H200_fixlr/checkpoints/latest.pt
  Saved: /scratch/bgxp/ezhou1/factor_diffusion_proj/Experiments_Output/Karman_Vortex_2D/k8_H200_fixlr/checkpoints/latest.pt
  Saved: /scratch/bgxp/ezhou1/factor_diffusion_proj/Experiments_Output/Karman_Vortex_2D/k8_H200_fixlr/checkpoints/latest.pt
  Saved: /scratch/bgxp/ezhou1/factor_diffusion_proj/Experiments_Output/Karman_Vortex_2D/k8_H200_fixlr/checkpoints/latest.pt
  Saved: /scratch/bgxp/ezhou1/factor_diffusion_proj/Experiments_Output/Karman_Vortex_2D/k8_H200_fixlr/checkpoints/latest.pt
  Saved: /scratch/bgxp/ezhou1/factor_diffusion_proj/Experiments_Output/Karman_Vortex_2D/k8_H200_fixlr/checkpoints/latest.pt
  Saved: /scratch/bgxp/ezhou1/factor_diffusion_proj/Experiments_Output/Karman_Vortex_2D/k8_H200_fixlr/checkpoints/latest.pt
  Saved: /scratch/bgxp/ezhou1/factor_diffusion_proj/Experiments_Output/Karman_Vortex_2D/k8_H200_fixlr/checkpoints/latest.pt
  Saved: /scratch/bgxp/ezhou1/factor_diffusion_proj/Experiments_Output/Karman_Vortex_2D/k8_H200_fixlr/checkpoints/latest.pt
  Saved: /scratch/bgxp/ezhou1/factor_diffusion_proj/Experiments_Output/Karman_Vortex_2D/k8_H200_fixlr/checkpoints/latest.pt
  Saved: /scratch/bgxp/ezhou1/factor_diffusion_proj/Experiments_Output/Karman_Vortex_2D/k8_H200_fixlr/checkpoints/latest.pt
  Saved: /scratch/bgxp/ezhou1/factor_diffusion_proj/Experiments_Output/Karman_Vortex_2D/k8_H200_fixlr/checkpoints/latest.pt
  Saved: /scratch/bgxp/ezhou1/factor_diffusion_proj/Experiments_Output/Karman_Vortex_2D/k8_H200_fixlr/checkpoints/latest.pt
  Saved: /scratch/bgxp/ezhou1/factor_diffusion_proj/Experiments_Output/Karman_Vortex_2D/k8_H200_fixlr/checkpoints/latest.pt
  Saved: /scratch/bgxp/ezhou1/factor_diffusion_proj/Experiments_Output/Karman_Vortex_2D/k8_H200_fixlr/checkpoints/latest.pt
  Saved: /scratch/bgxp/ezhou1/factor_diffusion_proj/Experiments_Output/Karman_Vortex_2D/k8_H200_fixlr/checkpoints/latest.pt
  Saved: /scratch/bgxp/ezhou1/factor_diffusion_proj/Experiments_Output/Karman_Vortex_2D/k8_H200_fixlr/checkpoints/latest.pt
  Saved: /scratch/bgxp/ezhou1/factor_diffusion_proj/Experiments_Output/Karman_Vortex_2D/k8_H200_fixlr/checkpoints/latest.pt
  Saved: /scratch/bgxp/ezhou1/factor_diffusion_proj/Experiments_Output/Karman_Vortex_2D/k8_H200_fixlr/checkpoints/latest.pt
  Saved: /scratch/bgxp/ezhou1/factor_diffusion_proj/Experiments_Output/Karman_Vortex_2D/k8_H200_fixlr/checkpoints/latest.pt
  Saved: /scratch/bgxp/ezhou1/factor_diffusion_proj/Experiments_Output/Karman_Vortex_2D/k8_H200_fixlr/checkpoints/latest.pt
  Saved: /scratch/bgxp/ezhou1/factor_diffusion_proj/Experiments_Output/Karman_Vortex_2D/k8_H200_fixlr/checkpoints/latest.pt
  Saved: /scratch/bgxp/ezhou1/factor_diffusion_proj/Experiments_Output/Karman_Vortex_2D/k8_H200_fixlr/checkpoints/latest.pt
  Saved: /scratch/bgxp/ezhou1/factor_diffusion_proj/Experiments_Output/Karman_Vortex_2D/k8_H200_fixlr/checkpoints/latest.pt
  Saved: /scratch/bgxp/ezhou1/factor_diffusion_proj/Experiments_Output/Karman_Vortex_2D/k8_H200_fixlr/checkpoints/latest.pt
  Saved: /scratch/bgxp/ezhou1/factor_diffusion_proj/Experiments_Output/Karman_Vortex_2D/k8_H200_fixlr/checkpoints/latest.pt
  Saved: /scratch/bgxp/ezhou1/factor_diffusion_proj/Experiments_Output/Karman_Vortex_2D/k8_H200_fixlr/checkpoints/latest.pt
  Saved: /scratch/bgxp/ezhou1/factor_diffusion_proj/Experiments_Output/Karman_Vortex_2D/k8_H200_fixlr/checkpoints/latest.pt
  Saved: /scratch/bgxp/ezhou1/factor_diffusion_proj/Experiments_Output/Karman_Vortex_2D/k8_H200_fixlr/checkpoints/latest.pt
  Saved: /scratch/bgxp/ezhou1/factor_diffusion_proj/Experiments_Output/Karman_Vortex_2D/k8_H200_fixlr/checkpoints/latest.pt
  Saved: /scratch/bgxp/ezhou1/factor_diffusion_proj/Experiments_Output/Karman_Vortex_2D/k8_H200_fixlr/checkpoints/latest.pt
  Saved: /scratch/bgxp/ezhou1/factor_diffusion_proj/Experiments_Output/Karman_Vortex_2D/k8_H200_fixlr/checkpoints/latest.pt
  Saved: /scratch/bgxp/ezhou1/factor_diffusion_proj/Experiments_Output/Karman_Vortex_2D/k8_H200_fixlr/checkpoints/latest.pt
  Saved: /scratch/bgxp/ezhou1/factor_diffusion_proj/Experiments_Output/Karman_Vortex_2D/k8_H200_fixlr/checkpoints/latest.pt
  Saved: /scratch/bgxp/ezhou1/factor_diffusion_proj/Experiments_Output/Karman_Vortex_2D/k8_H200_fixlr/checkpoints/latest.pt
  Saved: /scratch/bgxp/ezhou1/factor_diffusion_proj/Experiments_Output/Karman_Vortex_2D/k8_H200_fixlr/checkpoints/latest.pt
  Saved: /scratch/bgxp/ezhou1/factor_diffusion_proj/Experiments_Output/Karman_Vortex_2D/k8_H200_fixlr/checkpoints/latest.pt
  Saved: /scratch/bgxp/ezhou1/factor_diffusion_proj/Experiments_Output/Karman_Vortex_2D/k8_H200_fixlr/checkpoints/latest.pt
  Saved: /scratch/bgxp/ezhou1/factor_diffusion_proj/Experiments_Output/Karman_Vortex_2D/k8_H200_fixlr/checkpoints/latest.pt
  Saved: /scratch/bgxp/ezhou1/factor_diffusion_proj/Experiments_Output/Karman_Vortex_2D/k8_H200_fixlr/checkpoints/latest.pt
  Saved: /scratch/bgxp/ezhou1/factor_diffusion_proj/Experiments_Output/Karman_Vortex_2D/k8_H200_fixlr/checkpoints/latest.pt
  Saved: /scratch/bgxp/ezhou1/factor_diffusion_proj/Experiments_Output/Karman_Vortex_2D/k8_H200_fixlr/checkpoints/latest.pt
  Saved: /scratch/bgxp/ezhou1/factor_diffusion_proj/Experiments_Output/Karman_Vortex_2D/k8_H200_fixlr/checkpoints/latest.pt
  Saved: /scratch/bgxp/ezhou1/factor_diffusion_proj/Experiments_Output/Karman_Vortex_2D/k8_H200_fixlr/checkpoints/latest.pt
  Saved: /scratch/bgxp/ezhou1/factor_diffusion_proj/Experiments_Output/Karman_Vortex_2D/k8_H200_fixlr/checkpoints/latest.pt
  Saved: /scratch/bgxp/ezhou1/factor_diffusion_proj/Experiments_Output/Karman_Vortex_2D/k8_H200_fixlr/checkpoints/latest.pt
  Saved: /scratch/bgxp/ezhou1/factor_diffusion_proj/Experiments_Output/Karman_Vortex_2D/k8_H200_fixlr/checkpoints/latest.pt
  Saved: /scratch/bgxp/ezhou1/factor_diffusion_proj/Experiments_Output/Karman_Vortex_2D/k8_H200_fixlr/checkpoints/epoch_0400.pt
  Saved: /scratch/bgxp/ezhou1/factor_diffusion_proj/Experiments_Output/Karman_Vortex_2D/k8_H200_fixlr/checkpoints/latest.pt
  Saved: /scratch/bgxp/ezhou1/factor_diffusion_proj/Experiments_Output/Karman_Vortex_2D/k8_H200_fixlr/checkpoints/latest.pt
  Saved: /scratch/bgxp/ezhou1/factor_diffusion_proj/Experiments_Output/Karman_Vortex_2D/k8_H200_fixlr/checkpoints/latest.pt
  Saved: /scratch/bgxp/ezhou1/factor_diffusion_proj/Experiments_Output/Karman_Vortex_2D/k8_H200_fixlr/checkpoints/latest.pt
  Saved: /scratch/bgxp/ezhou1/factor_diffusion_proj/Experiments_Output/Karman_Vortex_2D/k8_H200_fixlr/checkpoints/latest.pt
  Saved: /scratch/bgxp/ezhou1/factor_diffusion_proj/Experiments_Output/Karman_Vortex_2D/k8_H200_fixlr/checkpoints/latest.pt
  Saved: /scratch/bgxp/ezhou1/factor_diffusion_proj/Experiments_Output/Karman_Vortex_2D/k8_H200_fixlr/checkpoints/latest.pt
  Saved: /scratch/bgxp/ezhou1/factor_diffusion_proj/Experiments_Output/Karman_Vortex_2D/k8_H200_fixlr/checkpoints/latest.pt
  Saved: /scratch/bgxp/ezhou1/factor_diffusion_proj/Experiments_Output/Karman_Vortex_2D/k8_H200_fixlr/checkpoints/latest.pt
  Saved: /scratch/bgxp/ezhou1/factor_diffusion_proj/Experiments_Output/Karman_Vortex_2D/k8_H200_fixlr/checkpoints/latest.pt
  Saved: /scratch/bgxp/ezhou1/factor_diffusion_proj/Experiments_Output/Karman_Vortex_2D/k8_H200_fixlr/checkpoints/latest.pt
  Saved: /scratch/bgxp/ezhou1/factor_diffusion_proj/Experiments_Output/Karman_Vortex_2D/k8_H200_fixlr/checkpoints/latest.pt
  Saved: /scratch/bgxp/ezhou1/factor_diffusion_proj/Experiments_Output/Karman_Vortex_2D/k8_H200_fixlr/checkpoints/latest.pt
  Saved: /scratch/bgxp/ezhou1/factor_diffusion_proj/Experiments_Output/Karman_Vortex_2D/k8_H200_fixlr/checkpoints/latest.pt
  Saved: /scratch/bgxp/ezhou1/factor_diffusion_proj/Experiments_Output/Karman_Vortex_2D/k8_H200_fixlr/checkpoints/latest.pt
  Saved: /scratch/bgxp/ezhou1/factor_diffusion_proj/Experiments_Output/Karman_Vortex_2D/k8_H200_fixlr/checkpoints/latest.pt
  Saved: /scratch/bgxp/ezhou1/factor_diffusion_proj/Experiments_Output/Karman_Vortex_2D/k8_H200_fixlr/checkpoints/latest.pt
  Saved: /scratch/bgxp/ezhou1/factor_diffusion_proj/Experiments_Output/Karman_Vortex_2D/k8_H200_fixlr/checkpoints/latest.pt
  Saved: /scratch/bgxp/ezhou1/factor_diffusion_proj/Experiments_Output/Karman_Vortex_2D/k8_H200_fixlr/checkpoints/latest.pt
  Saved: /scratch/bgxp/ezhou1/factor_diffusion_proj/Experiments_Output/Karman_Vortex_2D/k8_H200_fixlr/checkpoints/latest.pt
  Saved: /scratch/bgxp/ezhou1/factor_diffusion_proj/Experiments_Output/Karman_Vortex_2D/k8_H200_fixlr/checkpoints/latest.pt
  Saved: /scratch/bgxp/ezhou1/factor_diffusion_proj/Experiments_Output/Karman_Vortex_2D/k8_H200_fixlr/checkpoints/latest.pt
  Saved: /scratch/bgxp/ezhou1/factor_diffusion_proj/Experiments_Output/Karman_Vortex_2D/k8_H200_fixlr/checkpoints/latest.pt
  Saved: /scratch/bgxp/ezhou1/factor_diffusion_proj/Experiments_Output/Karman_Vortex_2D/k8_H200_fixlr/checkpoints/latest.pt
  Saved: /scratch/bgxp/ezhou1/factor_diffusion_proj/Experiments_Output/Karman_Vortex_2D/k8_H200_fixlr/checkpoints/latest.pt
  Saved: /scratch/bgxp/ezhou1/factor_diffusion_proj/Experiments_Output/Karman_Vortex_2D/k8_H200_fixlr/checkpoints/latest.pt
  Saved: /scratch/bgxp/ezhou1/factor_diffusion_proj/Experiments_Output/Karman_Vortex_2D/k8_H200_fixlr/checkpoints/latest.pt
  Saved: /scratch/bgxp/ezhou1/factor_diffusion_proj/Experiments_Output/Karman_Vortex_2D/k8_H200_fixlr/checkpoints/latest.pt
  Saved: /scratch/bgxp/ezhou1/factor_diffusion_proj/Experiments_Output/Karman_Vortex_2D/k8_H200_fixlr/checkpoints/latest.pt
  Saved: /scratch/bgxp/ezhou1/factor_diffusion_proj/Experiments_Output/Karman_Vortex_2D/k8_H200_fixlr/checkpoints/latest.pt
  Saved: /scratch/bgxp/ezhou1/factor_diffusion_proj/Experiments_Output/Karman_Vortex_2D/k8_H200_fixlr/checkpoints/latest.pt
  Saved: /scratch/bgxp/ezhou1/factor_diffusion_proj/Experiments_Output/Karman_Vortex_2D/k8_H200_fixlr/checkpoints/latest.pt
  Saved: /scratch/bgxp/ezhou1/factor_diffusion_proj/Experiments_Output/Karman_Vortex_2D/k8_H200_fixlr/checkpoints/latest.pt
  Saved: /scratch/bgxp/ezhou1/factor_diffusion_proj/Experiments_Output/Karman_Vortex_2D/k8_H200_fixlr/checkpoints/latest.pt
  Saved: /scratch/bgxp/ezhou1/factor_diffusion_proj/Experiments_Output/Karman_Vortex_2D/k8_H200_fixlr/checkpoints/latest.pt
  Saved: /scratch/bgxp/ezhou1/factor_diffusion_proj/Experiments_Output/Karman_Vortex_2D/k8_H200_fixlr/checkpoints/latest.pt
  Saved: /scratch/bgxp/ezhou1/factor_diffusion_proj/Experiments_Output/Karman_Vortex_2D/k8_H200_fixlr/checkpoints/latest.pt
  Saved: /scratch/bgxp/ezhou1/factor_diffusion_proj/Experiments_Output/Karman_Vortex_2D/k8_H200_fixlr/checkpoints/latest.pt
  Saved: /scratch/bgxp/ezhou1/factor_diffusion_proj/Experiments_Output/Karman_Vortex_2D/k8_H200_fixlr/checkpoints/latest.pt
  Saved: /scratch/bgxp/ezhou1/factor_diffusion_proj/Experiments_Output/Karman_Vortex_2D/k8_H200_fixlr/checkpoints/latest.pt
  Saved: /scratch/bgxp/ezhou1/factor_diffusion_proj/Experiments_Output/Karman_Vortex_2D/k8_H200_fixlr/checkpoints/latest.pt
  Saved: /scratch/bgxp/ezhou1/factor_diffusion_proj/Experiments_Output/Karman_Vortex_2D/k8_H200_fixlr/checkpoints/latest.pt
  Saved: /scratch/bgxp/ezhou1/factor_diffusion_proj/Experiments_Output/Karman_Vortex_2D/k8_H200_fixlr/checkpoints/latest.pt
  Saved: /scratch/bgxp/ezhou1/factor_diffusion_proj/Experiments_Output/Karman_Vortex_2D/k8_H200_fixlr/checkpoints/latest.pt
  Saved: /scratch/bgxp/ezhou1/factor_diffusion_proj/Experiments_Output/Karman_Vortex_2D/k8_H200_fixlr/checkpoints/latest.pt
  Saved: /scratch/bgxp/ezhou1/factor_diffusion_proj/Experiments_Output/Karman_Vortex_2D/k8_H200_fixlr/checkpoints/latest.pt
  Saved: /scratch/bgxp/ezhou1/factor_diffusion_proj/Experiments_Output/Karman_Vortex_2D/k8_H200_fixlr/checkpoints/latest.pt
  Saved: /scratch/bgxp/ezhou1/factor_diffusion_proj/Experiments_Output/Karman_Vortex_2D/k8_H200_fixlr/checkpoints/latest.pt
  Saved: /scratch/bgxp/ezhou1/factor_diffusion_proj/Experiments_Output/Karman_Vortex_2D/k8_H200_fixlr/checkpoints/latest.pt
  Saved: /scratch/bgxp/ezhou1/factor_diffusion_proj/Experiments_Output/Karman_Vortex_2D/k8_H200_fixlr/checkpoints/latest.pt
  Saved: /scratch/bgxp/ezhou1/factor_diffusion_proj/Experiments_Output/Karman_Vortex_2D/k8_H200_fixlr/checkpoints/epoch_0450.pt
  Saved: /scratch/bgxp/ezhou1/factor_diffusion_proj/Experiments_Output/Karman_Vortex_2D/k8_H200_fixlr/checkpoints/latest.pt
  Saved: /scratch/bgxp/ezhou1/factor_diffusion_proj/Experiments_Output/Karman_Vortex_2D/k8_H200_fixlr/checkpoints/latest.pt
  Saved: /scratch/bgxp/ezhou1/factor_diffusion_proj/Experiments_Output/Karman_Vortex_2D/k8_H200_fixlr/checkpoints/latest.pt
  Saved: /scratch/bgxp/ezhou1/factor_diffusion_proj/Experiments_Output/Karman_Vortex_2D/k8_H200_fixlr/checkpoints/latest.pt
  Saved: /scratch/bgxp/ezhou1/factor_diffusion_proj/Experiments_Output/Karman_Vortex_2D/k8_H200_fixlr/checkpoints/latest.pt
  Saved: /scratch/bgxp/ezhou1/factor_diffusion_proj/Experiments_Output/Karman_Vortex_2D/k8_H200_fixlr/checkpoints/latest.pt
  Saved: /scratch/bgxp/ezhou1/factor_diffusion_proj/Experiments_Output/Karman_Vortex_2D/k8_H200_fixlr/checkpoints/latest.pt
  Saved: /scratch/bgxp/ezhou1/factor_diffusion_proj/Experiments_Output/Karman_Vortex_2D/k8_H200_fixlr/checkpoints/latest.pt
  Saved: /scratch/bgxp/ezhou1/factor_diffusion_proj/Experiments_Output/Karman_Vortex_2D/k8_H200_fixlr/checkpoints/latest.pt
  Saved: /scratch/bgxp/ezhou1/factor_diffusion_proj/Experiments_Output/Karman_Vortex_2D/k8_H200_fixlr/checkpoints/latest.pt
  Saved: /scratch/bgxp/ezhou1/factor_diffusion_proj/Experiments_Output/Karman_Vortex_2D/k8_H200_fixlr/checkpoints/latest.pt
  Saved: /scratch/bgxp/ezhou1/factor_diffusion_proj/Experiments_Output/Karman_Vortex_2D/k8_H200_fixlr/checkpoints/latest.pt
  Saved: /scratch/bgxp/ezhou1/factor_diffusion_proj/Experiments_Output/Karman_Vortex_2D/k8_H200_fixlr/checkpoints/latest.pt
  Saved: /scratch/bgxp/ezhou1/factor_diffusion_proj/Experiments_Output/Karman_Vortex_2D/k8_H200_fixlr/checkpoints/latest.pt
  Saved: /scratch/bgxp/ezhou1/factor_diffusion_proj/Experiments_Output/Karman_Vortex_2D/k8_H200_fixlr/checkpoints/latest.pt
  Saved: /scratch/bgxp/ezhou1/factor_diffusion_proj/Experiments_Output/Karman_Vortex_2D/k8_H200_fixlr/checkpoints/latest.pt
  Saved: /scratch/bgxp/ezhou1/factor_diffusion_proj/Experiments_Output/Karman_Vortex_2D/k8_H200_fixlr/checkpoints/latest.pt
  Saved: /scratch/bgxp/ezhou1/factor_diffusion_proj/Experiments_Output/Karman_Vortex_2D/k8_H200_fixlr/checkpoints/latest.pt
  Saved: /scratch/bgxp/ezhou1/factor_diffusion_proj/Experiments_Output/Karman_Vortex_2D/k8_H200_fixlr/checkpoints/latest.pt
  Saved: /scratch/bgxp/ezhou1/factor_diffusion_proj/Experiments_Output/Karman_Vortex_2D/k8_H200_fixlr/checkpoints/latest.pt
  Saved: /scratch/bgxp/ezhou1/factor_diffusion_proj/Experiments_Output/Karman_Vortex_2D/k8_H200_fixlr/checkpoints/latest.pt
  Saved: /scratch/bgxp/ezhou1/factor_diffusion_proj/Experiments_Output/Karman_Vortex_2D/k8_H200_fixlr/checkpoints/latest.pt
  Saved: /scratch/bgxp/ezhou1/factor_diffusion_proj/Experiments_Output/Karman_Vortex_2D/k8_H200_fixlr/checkpoints/latest.pt
  Saved: /scratch/bgxp/ezhou1/factor_diffusion_proj/Experiments_Output/Karman_Vortex_2D/k8_H200_fixlr/checkpoints/latest.pt
  Saved: /scratch/bgxp/ezhou1/factor_diffusion_proj/Experiments_Output/Karman_Vortex_2D/k8_H200_fixlr/checkpoints/latest.pt
  Saved: /scratch/bgxp/ezhou1/factor_diffusion_proj/Experiments_Output/Karman_Vortex_2D/k8_H200_fixlr/checkpoints/latest.pt
  Saved: /scratch/bgxp/ezhou1/factor_diffusion_proj/Experiments_Output/Karman_Vortex_2D/k8_H200_fixlr/checkpoints/latest.pt
  Saved: /scratch/bgxp/ezhou1/factor_diffusion_proj/Experiments_Output/Karman_Vortex_2D/k8_H200_fixlr/checkpoints/latest.pt
  Saved: /scratch/bgxp/ezhou1/factor_diffusion_proj/Experiments_Output/Karman_Vortex_2D/k8_H200_fixlr/checkpoints/latest.pt
  Saved: /scratch/bgxp/ezhou1/factor_diffusion_proj/Experiments_Output/Karman_Vortex_2D/k8_H200_fixlr/checkpoints/latest.pt
  Saved: /scratch/bgxp/ezhou1/factor_diffusion_proj/Experiments_Output/Karman_Vortex_2D/k8_H200_fixlr/checkpoints/latest.pt
  Saved: /scratch/bgxp/ezhou1/factor_diffusion_proj/Experiments_Output/Karman_Vortex_2D/k8_H200_fixlr/checkpoints/latest.pt
  Saved: /scratch/bgxp/ezhou1/factor_diffusion_proj/Experiments_Output/Karman_Vortex_2D/k8_H200_fixlr/checkpoints/latest.pt
  Saved: /scratch/bgxp/ezhou1/factor_diffusion_proj/Experiments_Output/Karman_Vortex_2D/k8_H200_fixlr/checkpoints/latest.pt
  Saved: /scratch/bgxp/ezhou1/factor_diffusion_proj/Experiments_Output/Karman_Vortex_2D/k8_H200_fixlr/checkpoints/latest.pt
  Saved: /scratch/bgxp/ezhou1/factor_diffusion_proj/Experiments_Output/Karman_Vortex_2D/k8_H200_fixlr/checkpoints/latest.pt
  Saved: /scratch/bgxp/ezhou1/factor_diffusion_proj/Experiments_Output/Karman_Vortex_2D/k8_H200_fixlr/checkpoints/latest.pt
  Saved: /scratch/bgxp/ezhou1/factor_diffusion_proj/Experiments_Output/Karman_Vortex_2D/k8_H200_fixlr/checkpoints/latest.pt
  Saved: /scratch/bgxp/ezhou1/factor_diffusion_proj/Experiments_Output/Karman_Vortex_2D/k8_H200_fixlr/checkpoints/latest.pt
  Saved: /scratch/bgxp/ezhou1/factor_diffusion_proj/Experiments_Output/Karman_Vortex_2D/k8_H200_fixlr/checkpoints/latest.pt
  Saved: /scratch/bgxp/ezhou1/factor_diffusion_proj/Experiments_Output/Karman_Vortex_2D/k8_H200_fixlr/checkpoints/latest.pt
  Saved: /scratch/bgxp/ezhou1/factor_diffusion_proj/Experiments_Output/Karman_Vortex_2D/k8_H200_fixlr/checkpoints/latest.pt
  Saved: /scratch/bgxp/ezhou1/factor_diffusion_proj/Experiments_Output/Karman_Vortex_2D/k8_H200_fixlr/checkpoints/latest.pt
  Saved: /scratch/bgxp/ezhou1/factor_diffusion_proj/Experiments_Output/Karman_Vortex_2D/k8_H200_fixlr/checkpoints/latest.pt
  Saved: /scratch/bgxp/ezhou1/factor_diffusion_proj/Experiments_Output/Karman_Vortex_2D/k8_H200_fixlr/checkpoints/latest.pt
  Saved: /scratch/bgxp/ezhou1/factor_diffusion_proj/Experiments_Output/Karman_Vortex_2D/k8_H200_fixlr/checkpoints/latest.pt
  Saved: /scratch/bgxp/ezhou1/factor_diffusion_proj/Experiments_Output/Karman_Vortex_2D/k8_H200_fixlr/checkpoints/latest.pt
  Saved: /scratch/bgxp/ezhou1/factor_diffusion_proj/Experiments_Output/Karman_Vortex_2D/k8_H200_fixlr/checkpoints/latest.pt
  Saved: /scratch/bgxp/ezhou1/factor_diffusion_proj/Experiments_Output/Karman_Vortex_2D/k8_H200_fixlr/checkpoints/latest.pt
  Saved: /scratch/bgxp/ezhou1/factor_diffusion_proj/Experiments_Output/Karman_Vortex_2D/k8_H200_fixlr/checkpoints/latest.pt
  Saved: /scratch/bgxp/ezhou1/factor_diffusion_proj/Experiments_Output/Karman_Vortex_2D/k8_H200_fixlr/checkpoints/epoch_0500.pt
  Saved: /scratch/bgxp/ezhou1/factor_diffusion_proj/Experiments_Output/Karman_Vortex_2D/k8_H200_fixlr/checkpoints/latest.pt
  Saved: /scratch/bgxp/ezhou1/factor_diffusion_proj/Experiments_Output/Karman_Vortex_2D/k8_H200_fixlr/checkpoints/final.pt
