Job ID     : 17046660
Node       : h004
Start time : Wed May  6 03:43:26 EDT 2026
Wed May  6 03:43:26 2026       
+-----------------------------------------------------------------------------------------+
| NVIDIA-SMI 580.105.08             Driver Version: 580.105.08     CUDA Version: 13.0     |
+-----------------------------------------+------------------------+----------------------+
| GPU  Name                 Persistence-M | Bus-Id          Disp.A | Volatile Uncorr. ECC |
| Fan  Temp   Perf          Pwr:Usage/Cap |           Memory-Usage | GPU-Util  Compute M. |
|                                         |                        |               MIG M. |
|=========================================+========================+======================|
|   0  NVIDIA H100 80GB HBM3          On  |   00000000:CC:00.0 Off |                    0 |
| N/A   22C    P0             69W /  700W |       0MiB /  81559MiB |      0%      Default |
|                                         |                        |             Disabled |
+-----------------------------------------+------------------------+----------------------+

+-----------------------------------------------------------------------------------------+
| Processes:                                                                              |
|  GPU   GI   CI              PID   Type   Process name                        GPU Memory |
|        ID   ID                                                               Usage      |
|=========================================================================================|
|  No running processes found                                                             |
+-----------------------------------------------------------------------------------------+
===== Karman_Vortex_2D (k=8) =====
Device: cuda
Loaded ckpt: /anvil/projects/x-eng260004/factor_diffusion/baseline_checkpoint/average_pooling/Karman2d_k8_latest.pt  epoch=500
Num test trajectories: 10
Saved: /anvil/projects/x-eng260004/factor_diffusion/pde_samples_generated/2dkarman/AveragePooling/avgpool_karman2d_generated.pt
generated shape: torch.Size([10, 200, 1, 128, 128])
Done : Wed May  6 03:43:46 EDT 2026
