=========================================
Job ID     : 17046583
Node       : h004
Start time : Wed May  6 03:39:18 EDT 2026
=========================================
Wed May  6 03:39:19 2026       
+-----------------------------------------------------------------------------------------+
| NVIDIA-SMI 580.105.08             Driver Version: 580.105.08     CUDA Version: 13.0     |
+-----------------------------------------+------------------------+----------------------+
| GPU  Name                 Persistence-M | Bus-Id          Disp.A | Volatile Uncorr. ECC |
| Fan  Temp   Perf          Pwr:Usage/Cap |           Memory-Usage | GPU-Util  Compute M. |
|                                         |                        |               MIG M. |
|=========================================+========================+======================|
|   0  NVIDIA H100 80GB HBM3          On  |   00000000:CC:00.0 Off |                    0 |
| N/A   22C    P0             69W /  700W |       0MiB /  81559MiB |      0%      Default |
|                                         |                        |             Disabled |
+-----------------------------------------+------------------------+----------------------+

+-----------------------------------------------------------------------------------------+
| Processes:                                                                              |
|  GPU   GI   CI              PID   Type   Process name                        GPU Memory |
|        ID   ID                                                               Usage      |
|=========================================================================================|
|  No running processes found                                                             |
+-----------------------------------------------------------------------------------------+

===== [1/4] Burgers_1D (k=4) =====
Device: cuda
Loaded ckpt: /anvil/projects/x-eng260004/factor_diffusion/baseline_checkpoint/average_pooling/Burgers1d_k4_latest.pt  epoch=1000
Num test trajectories: 10
Saved: /anvil/projects/x-eng260004/factor_diffusion/pde_samples_generated/1d_burgers/AveragePooling/avgpool_burgers1d_generated.pt
preds shape: torch.Size([10, 201, 1024])

===== [2/4] Reaction_1D (k=8) =====
Device: cuda
Loaded ckpt: /anvil/projects/x-eng260004/factor_diffusion/baseline_checkpoint/average_pooling/Reaction1d_k8_latest.pt  epoch=1000
Num test trajectories: 10
Saved: /anvil/projects/x-eng260004/factor_diffusion/pde_samples_generated/1d_diffusion/AveragePooling/avgpool_reaction1d_generated.pt
preds shape: torch.Size([10, 201, 1024])

===== [3/4] Burgers_2D (k=8) =====
Device: cuda
Loaded ckpt: /anvil/projects/x-eng260004/factor_diffusion/baseline_checkpoint/average_pooling/Burgers2d_k8_latest.pt  epoch=500
Num test trajectories: 10
data note: For 2D Burgers, only the x-velocity component (ux) is included; uy is dropped.
Saved: /anvil/projects/x-eng260004/factor_diffusion/pde_samples_generated/2dburgers/AveragePooling/avgpool_burgers2d_generated.pt
pred shape: torch.Size([10, 201, 128, 128])

===== [4/4] Karman_Vortex_2D (k=8) =====
